ARM GAS  C:\Users\Vania\AppData\Local\Temp\ccZqBDwv.s 			page 1


   1              		.cpu cortex-m7
   2              		.eabi_attribute 20, 1
   3              		.eabi_attribute 21, 1
   4              		.eabi_attribute 23, 3
   5              		.eabi_attribute 24, 1
   6              		.eabi_attribute 25, 1
   7              		.eabi_attribute 26, 1
   8              		.eabi_attribute 30, 2
   9              		.eabi_attribute 34, 1
  10              		.eabi_attribute 18, 4
  11              		.file	"hal.c"
  12              		.file 1 "D:\\ChibiStudio20v0\\chibios203/os/hal/src/hal.c"
  13              		.file 2 "D:\\ChibiStudio20v0\\chibios203/os/hal/osal/rt-nil/osal.h"
  14              		.section	.gnu.debuglto_.debug_info,"e",%progbits
  15              	.Ldebug_info0:
  16              		.hidden	hal.c.9905bdad
  17              		.weak	hal.c.9905bdad
  18              	hal.c.9905bdad:
  19 0000 86000000 		.4byte	0x86
  20 0004 0400     		.2byte	0x4
  21 0006 00000000 		.4byte	.Ldebug_abbrev0
  22 000a 04       		.byte	0x4
  23 000b 01       		.uleb128 0x1
  24 000c FC000000 		.4byte	.LASF12
  25 0010 0C       		.byte	0xc
  26 0011 AE000000 		.4byte	.LASF13
  27 0015 44000000 		.4byte	.LASF14
  28 0019 00000000 		.4byte	.Ldebug_line0
  29 001d 02       		.uleb128 0x2
  30 001e 04       		.byte	0x4
  31 001f 05       		.byte	0x5
  32 0020 696E7400 		.ascii	"int\000"
  33 0024 03       		.uleb128 0x3
  34 0025 04       		.byte	0x4
  35 0026 07       		.byte	0x7
  36 0027 0E000000 		.4byte	.LASF0
  37 002b 03       		.uleb128 0x3
  38 002c 08       		.byte	0x8
  39 002d 05       		.byte	0x5
  40 002e 00000000 		.4byte	.LASF1
  41 0032 03       		.uleb128 0x3
  42 0033 08       		.byte	0x8
  43 0034 04       		.byte	0x4
  44 0035 E6000000 		.4byte	.LASF2
  45 0039 03       		.uleb128 0x3
  46 003a 01       		.byte	0x1
  47 003b 06       		.byte	0x6
  48 003c A2000000 		.4byte	.LASF3
  49 0040 03       		.uleb128 0x3
  50 0041 01       		.byte	0x1
  51 0042 08       		.byte	0x8
  52 0043 65000000 		.4byte	.LASF4
  53 0047 03       		.uleb128 0x3
  54 0048 02       		.byte	0x2
  55 0049 05       		.byte	0x5
  56 004a F2000000 		.4byte	.LASF5
  57 004e 03       		.uleb128 0x3
ARM GAS  C:\Users\Vania\AppData\Local\Temp\ccZqBDwv.s 			page 2


  58 004f 02       		.byte	0x2
  59 0050 07       		.byte	0x7
  60 0051 8F000000 		.4byte	.LASF6
  61 0055 03       		.uleb128 0x3
  62 0056 04       		.byte	0x4
  63 0057 05       		.byte	0x5
  64 0058 78000000 		.4byte	.LASF7
  65 005c 03       		.uleb128 0x3
  66 005d 04       		.byte	0x4
  67 005e 07       		.byte	0x7
  68 005f 1B000000 		.4byte	.LASF8
  69 0063 03       		.uleb128 0x3
  70 0064 08       		.byte	0x8
  71 0065 07       		.byte	0x7
  72 0066 2D000000 		.4byte	.LASF9
  73 006a 03       		.uleb128 0x3
  74 006b 01       		.byte	0x1
  75 006c 08       		.byte	0x8
  76 006d 73000000 		.4byte	.LASF10
  77 0071 03       		.uleb128 0x3
  78 0072 01       		.byte	0x1
  79 0073 02       		.byte	0x2
  80 0074 89000000 		.4byte	.LASF11
  81 0078 04       		.uleb128 0x4
  82 0079 81000000 		.4byte	.LASF15
  83 007d 01       		.byte	0x1
  84 007e 38       		.byte	0x38
  85 007f 06       		.byte	0x6
  86 0080 05       		.uleb128 0x5
  87 0081 DD000000 		.4byte	.LASF16
  88 0085 02       		.byte	0x2
  89 0086 1302     		.2byte	0x213
  90 0088 14       		.byte	0x14
  91 0089 00       		.byte	0
  92              		.section	.gnu.debuglto_.debug_abbrev,"e",%progbits
  93              	.Ldebug_abbrev0:
  94 0000 01       		.uleb128 0x1
  95 0001 11       		.uleb128 0x11
  96 0002 01       		.byte	0x1
  97 0003 25       		.uleb128 0x25
  98 0004 0E       		.uleb128 0xe
  99 0005 13       		.uleb128 0x13
 100 0006 0B       		.uleb128 0xb
 101 0007 03       		.uleb128 0x3
 102 0008 0E       		.uleb128 0xe
 103 0009 1B       		.uleb128 0x1b
 104 000a 0E       		.uleb128 0xe
 105 000b 10       		.uleb128 0x10
 106 000c 17       		.uleb128 0x17
 107 000d 00       		.byte	0
 108 000e 00       		.byte	0
 109 000f 02       		.uleb128 0x2
 110 0010 24       		.uleb128 0x24
 111 0011 00       		.byte	0
 112 0012 0B       		.uleb128 0xb
 113 0013 0B       		.uleb128 0xb
 114 0014 3E       		.uleb128 0x3e
ARM GAS  C:\Users\Vania\AppData\Local\Temp\ccZqBDwv.s 			page 3


 115 0015 0B       		.uleb128 0xb
 116 0016 03       		.uleb128 0x3
 117 0017 08       		.uleb128 0x8
 118 0018 00       		.byte	0
 119 0019 00       		.byte	0
 120 001a 03       		.uleb128 0x3
 121 001b 24       		.uleb128 0x24
 122 001c 00       		.byte	0
 123 001d 0B       		.uleb128 0xb
 124 001e 0B       		.uleb128 0xb
 125 001f 3E       		.uleb128 0x3e
 126 0020 0B       		.uleb128 0xb
 127 0021 03       		.uleb128 0x3
 128 0022 0E       		.uleb128 0xe
 129 0023 00       		.byte	0
 130 0024 00       		.byte	0
 131 0025 04       		.uleb128 0x4
 132 0026 2E       		.uleb128 0x2e
 133 0027 00       		.byte	0
 134 0028 3F       		.uleb128 0x3f
 135 0029 19       		.uleb128 0x19
 136 002a 03       		.uleb128 0x3
 137 002b 0E       		.uleb128 0xe
 138 002c 3A       		.uleb128 0x3a
 139 002d 0B       		.uleb128 0xb
 140 002e 3B       		.uleb128 0x3b
 141 002f 0B       		.uleb128 0xb
 142 0030 39       		.uleb128 0x39
 143 0031 0B       		.uleb128 0xb
 144 0032 27       		.uleb128 0x27
 145 0033 19       		.uleb128 0x19
 146 0034 00       		.byte	0
 147 0035 00       		.byte	0
 148 0036 05       		.uleb128 0x5
 149 0037 2E       		.uleb128 0x2e
 150 0038 00       		.byte	0
 151 0039 03       		.uleb128 0x3
 152 003a 0E       		.uleb128 0xe
 153 003b 3A       		.uleb128 0x3a
 154 003c 0B       		.uleb128 0xb
 155 003d 3B       		.uleb128 0x3b
 156 003e 05       		.uleb128 0x5
 157 003f 39       		.uleb128 0x39
 158 0040 0B       		.uleb128 0xb
 159 0041 27       		.uleb128 0x27
 160 0042 19       		.uleb128 0x19
 161 0043 00       		.byte	0
 162 0044 00       		.byte	0
 163 0045 00       		.byte	0
 164              		.section	.gnu.debuglto_.debug_line,"e",%progbits
 165              	.Ldebug_line0:
 166 0000 87000000 		.4byte	.LELT0-.LSLT0
 167              	.LSLT0:
 168 0004 0400     		.2byte	0x4
 169 0006 81000000 		.4byte	.LELTP0-.LASLTP0
 170              	.LASLTP0:
 171 000a 01       		.byte	0x1
ARM GAS  C:\Users\Vania\AppData\Local\Temp\ccZqBDwv.s 			page 4


 172 000b 01       		.byte	0x1
 173 000c 01       		.byte	0x1
 174 000d F6       		.byte	0xf6
 175 000e F2       		.byte	0xf2
 176 000f 0D       		.byte	0xd
 177 0010 00       		.byte	0
 178 0011 01       		.byte	0x1
 179 0012 01       		.byte	0x1
 180 0013 01       		.byte	0x1
 181 0014 01       		.byte	0x1
 182 0015 00       		.byte	0
 183 0016 00       		.byte	0
 184 0017 00       		.byte	0
 185 0018 01       		.byte	0x1
 186 0019 00       		.byte	0
 187 001a 00       		.byte	0
 188 001b 01       		.byte	0x1
 189 001c 443A5C43 		.ascii	"D:\\ChibiStudio20v0\\chibios203/os/hal/osal/rt-nil"
 189      68696269 
 189      53747564 
 189      696F3230 
 189      76305C63 
 190 004c 00       		.byte	0
 191 004d 443A5C43 		.ascii	"D:\\ChibiStudio20v0\\chibios203/os/hal/src"
 191      68696269 
 191      53747564 
 191      696F3230 
 191      76305C63 
 192 0075 00       		.byte	0
 193 0076 00       		.byte	0
 194 0077 68616C2E 		.ascii	"hal.c\000"
 194      6300
 195 007d 02       		.uleb128 0x2
 196 007e 00       		.uleb128 0
 197 007f 00       		.uleb128 0
 198 0080 6F73616C 		.ascii	"osal.h\000"
 198      2E6800
 199 0087 01       		.uleb128 0x1
 200 0088 00       		.uleb128 0
 201 0089 00       		.uleb128 0
 202 008a 00       		.byte	0
 203              	.LELTP0:
 204              	.LELT0:
 205              		.section	.gnu.debuglto_.debug_str,"eMS",%progbits,1
 206              	.LASF1:
 207 0000 6C6F6E67 		.ascii	"long long int\000"
 207      206C6F6E 
 207      6720696E 
 207      7400
 208              	.LASF0:
 209 000e 756E7369 		.ascii	"unsigned int\000"
 209      676E6564 
 209      20696E74 
 209      00
 210              	.LASF8:
 211 001b 6C6F6E67 		.ascii	"long unsigned int\000"
 211      20756E73 
ARM GAS  C:\Users\Vania\AppData\Local\Temp\ccZqBDwv.s 			page 5


 211      69676E65 
 211      6420696E 
 211      7400
 212              	.LASF9:
 213 002d 6C6F6E67 		.ascii	"long long unsigned int\000"
 213      206C6F6E 
 213      6720756E 
 213      7369676E 
 213      65642069 
 214              	.LASF14:
 215 0044 443A5C43 		.ascii	"D:\\ChibiStudio20v0\\workspace\\LCD\000"
 215      68696269 
 215      53747564 
 215      696F3230 
 215      76305C77 
 216              	.LASF4:
 217 0065 756E7369 		.ascii	"unsigned char\000"
 217      676E6564 
 217      20636861 
 217      7200
 218              	.LASF10:
 219 0073 63686172 		.ascii	"char\000"
 219      00
 220              	.LASF7:
 221 0078 6C6F6E67 		.ascii	"long int\000"
 221      20696E74 
 221      00
 222              	.LASF15:
 223 0081 68616C49 		.ascii	"halInit\000"
 223      6E697400 
 224              	.LASF11:
 225 0089 5F426F6F 		.ascii	"_Bool\000"
 225      6C00
 226              	.LASF6:
 227 008f 73686F72 		.ascii	"short unsigned int\000"
 227      7420756E 
 227      7369676E 
 227      65642069 
 227      6E7400
 228              	.LASF3:
 229 00a2 7369676E 		.ascii	"signed char\000"
 229      65642063 
 229      68617200 
 230              	.LASF13:
 231 00ae 443A5C43 		.ascii	"D:\\ChibiStudio20v0\\chibios203/os/hal/src/hal.c\000"
 231      68696269 
 231      53747564 
 231      696F3230 
 231      76305C63 
 232              	.LASF16:
 233 00dd 6F73616C 		.ascii	"osalInit\000"
 233      496E6974 
 233      00
 234              	.LASF2:
 235 00e6 6C6F6E67 		.ascii	"long double\000"
 235      20646F75 
 235      626C6500 
ARM GAS  C:\Users\Vania\AppData\Local\Temp\ccZqBDwv.s 			page 6


 236              	.LASF5:
 237 00f2 73686F72 		.ascii	"short int\000"
 237      7420696E 
 237      7400
 238              	.LASF12:
 239 00fc 474E5520 		.ascii	"GNU C17 10.2.1 20201103 (release) -mcpu=cortex-m7 -"
 239      43313720 
 239      31302E32 
 239      2E312032 
 239      30323031 
 240 012f 6D746875 		.ascii	"mthumb -mfloat-abi=soft -march=armv7e-m -ggdb -O2 -"
 240      6D62202D 
 240      6D666C6F 
 240      61742D61 
 240      62693D73 
 241 0162 666F6D69 		.ascii	"fomit-frame-pointer -falign-functions=16 -ffunction"
 241      742D6672 
 241      616D652D 
 241      706F696E 
 241      74657220 
 242 0195 2D736563 		.ascii	"-sections -fdata-sections -fno-common -flto\000"
 242      74696F6E 
 242      73202D66 
 242      64617461 
 242      2D736563 
 243              		.text
 244              		.section	.gnu.lto_.profile.3c490f01,"e",%progbits
 245 0000 789C6362 		.ascii	"x\234cb\000\001\000\000\022\000\003"
 245      00010000 
 245      120003
 246              		.text
 247              		.section	.gnu.lto_.icf.3c490f01,"e",%progbits
 248 0000 789C6367 		.ascii	"x\234cg@\000F\206\236\351\307+\031\000\010\376\002l"
 248      40004686 
 248      9EE9C72B 
 248      190008FE 
 248      026C
 249              		.text
 250              		.section	.gnu.lto_.ipa_sra.3c490f01,"e",%progbits
 251 0000 789C1365 		.ascii	"x\234\023e@\000F\020B\207\000\003E\000 "
 251      40004610 
 251      42870003 
 251      450020
 252              		.text
 253              		.section	.gnu.lto_.inline.3c490f01,"e",%progbits
 254 0000 789C0B61 		.ascii	"x\234\013a@\000F\006\006\356\206\206\206\023L\231\214"
 254      40004606 
 254      06EE8686 
 254      86134C99 
 254      8C
 255 0011 0C4C0C0C 		.ascii	"\014L\014\014\215@v\035\003\003\033\220j`Ja\002\011"
 255      8D40761D 
 255      03031B90 
 255      6A604A61 
 255      0209
 256 0023 31307231 		.ascii	"10r1\220D2\000\0006\333\010^"
 256      90443200 
ARM GAS  C:\Users\Vania\AppData\Local\Temp\ccZqBDwv.s 			page 7


 256      0036DB08 
 256      5E
 257              		.text
 258              		.section	.gnu.lto_.jmpfuncs.3c490f01,"e",%progbits
 259 0000 789CE365 		.ascii	"x\234\343e@\000F$6\003\000\001k\000\017"
 259      40004624 
 259      36030001 
 259      6B000F
 260              		.text
 261              		.section	.gnu.lto_.pureconst.3c490f01,"e",%progbits
 262 0000 789C6361 		.ascii	"x\234ca```d\230\301\002\000\001`\000\242"
 262      60606064 
 262      98C10200 
 262      016000A2 
 263              		.text
 264              		.section	.gnu.lto_.lto.3c490f01,"e",%progbits
 265 0000 09000200 		.ascii	"\011\000\002\000\001\000\000\000"
 265      01000000 
 266              		.text
 267              		.section	.gnu.lto_halInit.366.3c490f01,"e",%progbits
 268 0000 789C4B65 		.ascii	"x\234Ked`\310b``P\006bFf\006\306I\023\273\230\030\032"
 268      6460C862 
 268      60605006 
 268      62466606 
 268      C64913BB 
 269 0017 1A1A1CD8 		.ascii	"\032\032\034\330\231\030\033'vq2ne\004\363\030\031\352"
 269      99181B27 
 269      7671326E 
 269      6504F318 
 269      19EA
 270 0029 9918EB19 		.ascii	"\231\030\353\031'3k\002\271?Z\366\2645\260J,af`\230"
 270      27336B02 
 270      B93F5AF6 
 270      B435B04A 
 270      2C616660 
 271 003e 07C450C0 		.ascii	"\007\304P\300\006\343\001\215dX\177\211\365@\303\237"
 271      06E3018D 
 271      64587F89 
 271      F540C39F 
 272 004e FFFD0D0D 		.ascii	"\377\375\015\015O\0371\356V\345b`\350g\006\231\333\300"
 272      4F1F31EE 
 272      56E56260 
 272      E8670699 
 272      DBC0
 273 0060 C2D87080 		.ascii	"\302\330p\200\201a\0023\023\204\323\014\344\274blx\364"
 273      81610233 
 273      1384D30C 
 273      E4BC626C 
 273      78F4
 274 0072 9D17447D 		.ascii	"\235\027D}^\271yj\3334F\210\320\355G\034 \372S\347?"
 274      5EB9796A 
 274      DB344688 
 274      D0ED471C 
 274      20FA53E7 
 275 0087 35A02B18 		.ascii	"5\240+\030>06+0\26402-af\234\307\014T\262\204\231\011"
 275      3E30362B 
 275      30B43032 
ARM GAS  C:\Users\Vania\AppData\Local\Temp\ccZqBDwv.s 			page 8


 275      2D61669C 
 275      C70C54B2 
 276 009e AC6C0A1B 		.ascii	"\254l\012\033\252\024\023B\352\036\232\0243Bj\016;\252"
 276      AA141342 
 276      EA1E9A14 
 276      33426A0E 
 276      3BAA
 277 00b0 140B426A 		.ascii	"\024\013Bj\023\232\024+Bj\037\232\024\033B\352\012\027"
 277      139A142B 
 277      426A1F9A 
 277      141B42EA 
 277      0A17
 278 00c2 AA143B42 		.ascii	"\252\024;B\352\023\232\024\007D\352\023c\323\203\357"
 278      EA139A14 
 278      0744EA13 
 278      63D383EF 
 279 00d2 5EE0A0EB 		.ascii	"^\340\240\353gf\204\004G\323\001\020W\337\305*\3069"
 279      67668404 
 279      47D30110 
 279      57DFC52A 
 279      C639
 280 00e4 23332933 		.ascii	"#3)3\270\2444%3\337\310\240\314 &\031\304\317/620\326"
 280      B8A43425 
 280      33DFC8A0 
 280      CC202619 
 280      C4CF2F36 
 281 00fb CF2FD6CF 		.ascii	"\317/\326\317H\314\321/.J\006\321z\311\014\026D\251"
 281      48CCD12F 
 281      2E4A06D1 
 281      7AC90C16 
 281      44A9
 282 010d CF2F0612 		.ascii	"\317/\006\022E%\272y\231\020\266^\006\003\000\301I\224"
 282      4525BA79 
 282      9910B65E 
 282      060300C1 
 282      4994
 283 011f A2       		.ascii	"\242"
 284              		.text
 285              		.section	.gnu.lto_.symbol_nodes.3c490f01,"e",%progbits
 286 0000 789C758F 		.ascii	"x\234u\217\273\025\302@\014\004W\253\263\317\317MP\026"
 286      BB15C240 
 286      0C0457AB 
 286      B3CFCF4D 
 286      5016
 287 0012 E5ACE980 		.ascii	"\345\254\351\200\"\250\202\"\250\202\230?\244p\207\225"
 287      22A88222 
 287      A882983F 
 287      A4708795 
 288 0022 4AD1BC99 		.ascii	"J\321\274\231M\2645\000\274PX\332\025\333\237\000\001"
 288      4DB43500 
 288      BC5058DA 
 288      15DB9F00 
 288      01
 289 0033 C76567E8 		.ascii	"\307eg\350\011\260\017e\337\270\315\177\200>\356\325"
 289      09B00F65 
 289      DFB8CD7F 
 289      803EEED5 
ARM GAS  C:\Users\Vania\AppData\Local\Temp\ccZqBDwv.s 			page 9


 290 0043 DE14B3F6 		.ascii	"\336\024\263\366\242<kO\252d\355A\015Y\273Sc\326nT\315"
 290      A23C6B4F 
 290      AA64ED41 
 290      0D59BB53 
 290      63D66E54 
 291 0058 DA959A92 		.ascii	"\332\225\232\222\346\230\326\327\017\346\250+\236\033"
 291      E698D6D7 
 291      0FE6A82B 
 291      9E1B
 292 0066 8E6147C7 		.ascii	"\216aG\307\020\266a\011[\035\036\266!\303\316\016\013"
 292      10B66109 
 292      5B1D1EB6 
 292      21C3CE0E 
 292      0B
 293 0077 3BE30735 		.ascii	";\343\0075\347\201\235"
 293      E7819D
 294              		.text
 295              		.section	.gnu.lto_.refs.3c490f01,"e",%progbits
 296 0000 789C6364 		.ascii	"x\234cd\000\002\000\000\012\000\002"
 296      00020000 
 296      0A0002
 297              		.text
 298              		.section	.gnu.lto_.decls.3c490f01,"e",%progbits
 299 0000 789C9D92 		.ascii	"x\234\235\222]h\\E\024\307\317\231\331\354\275\271\335"
 299      5D685C45 
 299      14C7CF99 
 299      D9ECBDB9 
 299      DD
 300 0011 9A5036F4 		.ascii	"\232P6\364A\010K}p_\232Mnj\226\026\037\026\322\246\306"
 300      41084B7D 
 300      705F9A4D 
 300      6E6A9616 
 300      1F16D2A6 
 301 0026 C634500B 		.ascii	"\3064P\013\322\026\226$\023\334\225\244\273d\2671\342"
 301      D2169624 
 301      13DC95A4 
 301      BB64B731 
 301      E2
 302 0037 CB804822 		.ascii	"\313\200H\"\215i\260\305\006#\270\276\025\022J\037\264"
 302      8D69B0C5 
 302      0623B8BE 
 302      15124A1F 
 302      B4
 303 0048 56D39874 		.ascii	"V\323\230t\323\332m\322\332\017\241\264\266\"\222*\253"
 303      D3DA6DD2 
 303      DA0FA1B4 
 303      B622922A 
 303      AB
 304 0059 A9229887 		.ascii	"\251\"\230\207\340\007\365\314\334\2737\261\276$\235"
 304      E007F5CC 
 304      DCBB37B1 
 304      BE249D
 305 0068 E5CC9CB9 		.ascii	"\345\314\234\271\367\367\377\237\2633\367\025\037\300"
 305      F7F7FF9F 
 305      B333F715 
 305      1FC0
 306 0076 5D06300A 		.ascii	"]\0060\012\000\217hP\0127ae\224S\234\247\370\222b\206"
ARM GAS  C:\Users\Vania\AppData\Local\Temp\ccZqBDwv.s 			page 10


 306      008F6850 
 306      0A376165 
 306      94539CA7 
 306      F8926286 
 307 008a 224F7191 		.ascii	"\"Oq\221\342+\212\002\305\034\305U\370\377x\003\001"
 307      E22B8A02 
 307      C51CC555 
 307      F8FF7803 
 307      01
 308 009b 38AD098A 		.ascii	"8\255\011\212\353\024\223\217\371]u\265\005\327\353"
 308      EB14938F 
 308      F95D75B5 
 308      05D7EB
 309 00aa A2EB3DE3 		.ascii	"\242\353=\343\326z|\214q6\2760\371]\340G\004\325\242"
 309      D67A7C8C 
 309      7136BE30 
 309      F95DE047 
 309      04D5A2
 310 00bd 4F20E29D 		.ascii	"O \342\235\006\232,8\300!(\231d~\301\231\305-.\254\002"
 310      069A2C38 
 310      C0212899 
 310      647EC199 
 310      C52D2EAC 
 311 00d2 56879778 		.ascii	"V\207\227x\314d\341\012\313<5\213\225V\231\311X\321"
 311      CC64E10A 
 311      CB3C358B 
 311      955699C9 
 311      58D1
 312 00e4 1056F84F 		.ascii	"\020V\370O\234`9\177(&}b\250\252hH6\322\032\254\217"
 312      9C60397F 
 312      28267D62 
 312      A8AA6848 
 312      36D21AAC 
 313 00f9 D15C340A 		.ascii	"\321\\4\012(H\325\3463+)+\032\326\022\317\275\353\027"
 313      2848D5E6 
 313      332B292B 
 313      1AD612CF 
 313      BDEB17
 314 010c D7D8E0B3 		.ascii	"\327\330\340\263X@K\330A)e\3144\253+\362<\317\233\000"
 314      58404BD8 
 314      412965CC 
 314      34AB2BF2 
 314      3CCF9B00 
 315 0120 4CF3CCE9 		.ascii	"L\363\314\351*\253hT\220EX\204*E\250\242\200eBX\301"
 315      2AAB6854 
 315      90455884 
 315      2A45A8A2 
 315      80654258 
 316 0135 305013C2 		.ascii	"0P\023\302\266c\314\"g\237Y@\233c\300\226?,n\266\312"
 316      B663CC22 
 316      679F5940 
 316      9B63C096 
 316      3F2C6EB6 
 317 014a ACF2EA50 		.ascii	"\254\362\352P\030@@\023#_\376\2504\320\240\232be\213"
 317      18404013 
 317      235FFEA8 
 317      34D0A09A 
ARM GAS  C:\Users\Vania\AppData\Local\Temp\ccZqBDwv.s 			page 11


 317      62658B
 318 015d 18B698CD 		.ascii	"\030\266\230\315\370\236\242\001\300X\010@\372\314@"
 318      F89EA201 
 318      C0580840 
 318      FACC40
 319 016c 00252DE5 		.ascii	"\000%-\345\361=\242\315\266\240h0z\025\364\241d\270"
 319      F13DA2CD 
 319      B6A06830 
 319      7A15F4A1 
 319      64B8
 320 017e A2B4FC80 		.ascii	"\242\264\374\200\310\020\234\237\232\320\235Pm\321\271"
 320      C8109C9F 
 320      9AD09D50 
 320      6DD1B9
 321 018d E95215FD 		.ascii	"\351R\025\375\234\216\324Q\200N\335\247\336\342\346"
 321      9C8ED451 
 321      804EDDA7 
 321      DEE2E6
 322 019c 0A60AE0F 		.ascii	"\012`\256\017s/\006\035\215[D\315\253\314=\004]\244"
 322      732F061D 
 322      8D5B44CD 
 322      ABCC3D04 
 322      5DA4
 323 01ae E4E3685C 		.ascii	"\344\343h\\\300\323\272\251\252\241a\266Z\243u\377i"
 323      C0D3BAA9 
 323      AAA161B6 
 323      5AA375FF 
 323      69
 324 01bf 7CC5123C 		.ascii	"|\305\022<\333RK\200\245\317\346\306\370\275\345\015"
 324      DB524B80 
 324      A5CFE6C6 
 324      F8BDE50D 
 325 01cf 3FD1B1C9 		.ascii	"?\321\261\311\321 V\215\304\000\371\323\300\237\201"
 325      D120568D 
 325      C400F9D3 
 325      C09F81
 326 01de 88D423FF 		.ascii	"\210\324#\377\032\340g\016|p\303{\0347!\2439\210\225"
 326      1AE0670E 
 326      7C70C37B 
 326      1C3721A3 
 326      398895
 327 01f1 241D981C 		.ascii	"$\035\230\034\236\2676\023\364P\312 &\360\013\304\317"
 327      9EB73613 
 327      F450CA20 
 327      26F00BC4 
 327      CF
 328 0202 55D5492A 		.ascii	"U\325I*\230\322\346'\307\227\006\255-\243\243r\371\354"
 328      98D2E627 
 328      C79706AD 
 328      2DA3A372 
 328      F9EC
 329 0214 C0F29021 		.ascii	"\300\362\220!O\251o\204\336\343Y\304s\332\2252\300O"
 329      4FA96F84 
 329      DEE359C4 
 329      73DA9532 
 329      C04F
 330 0226 113FC183 		.ascii	"\021?\301\203\375|\014\225\350Anh\304\3302*\345\362"
ARM GAS  C:\Users\Vania\AppData\Local\Temp\ccZqBDwv.s 			page 12


 330      FD7C0C95 
 330      E8416E68 
 330      C4D8322A 
 330      E5F2
 331 0238 89A3C36F 		.ascii	"\211\243\303o\371?\224y\246$S\236dJ/\374\256\246\207"
 331      F93F9479 
 331      A624539E 
 331      644A2FFC 
 331      AEA687
 332 024b FFFEFE79 		.ascii	"\377\376\376y\005\237{\377\330\340\233%v\332c\247\035"
 332      059F7BFF 
 332      D8E09B25 
 332      76DA63A7 
 332      1D
 333 025c 768229F6 		.ascii	"v\202)\366\366\321_\027\231\206\357\034_<f\344\302\212"
 333      F6D15F17 
 333      9986EF1C 
 333      5F3C66E4 
 333      C28A
 334 026e BDE0B117 		.ascii	"\275\340\261\027\034\366\241f\317\377\374\307\307\033"
 334      1CF6A166 
 334      CFFFFCC7 
 334      C71B
 335 027c 357BFBE4 		.ascii	"5{\373\344\334;.;\353\261\263\016{\232+vn\342\336\267"
 335      DC3B2E3B 
 335      EBB1B30E 
 335      7B9A2B76 
 335      6EE2DEB7 
 336 0290 7ECDDE1F 		.ascii	"~\315\336\037\233.\261\227<\366\222\303\376\246\331"
 336      9B2EB197 
 336      3CF692C3 
 336      FEA6D9
 337 029f 6F0617E6 		.ascii	"o\006\027\346\270\303~\364\301\333.{\331c/\273\276>"
 337      B8C37EF4 
 337      C1DB2E7B 
 337      D9632FBB 
 337      BE3E
 338 02b1 C59E7830 		.ascii	"\305\236x0u\334a\227\027r\377`\351\337]\361\350+\016"
 338      75DC6197 
 338      1772FF60 
 338      E9DF5DF1 
 338      E82B0E
 339 02c4 3D50A60F 		.ascii	"=P\246\017\2738t\353)\347\337\375rczS\211\236\367\350"
 339      BB3874EB 
 339      29E7DFFD 
 339      72637A53 
 339      899EF7E8 
 340 02d8 79BDE84B 		.ascii	"y\275\350K\364\351K\014\251\336\357\237\371\313\014"
 340      F4E94B0C 
 340      A9DEEF9F 
 340      F9CB0C
 341 02e7 CC48F9BB 		.ascii	"\314H\371\273\314\345}J\3605\3425u\215\327\025\316\353"
 341      CCE57D4A 
 341      F035E235 
 341      758DD715 
 341      CEEB
 342 02f9 1AA0BCBD 		.ascii	"\032\240\274\275\267\247/\332\265\265\007\254\316To"
ARM GAS  C:\Users\Vania\AppData\Local\Temp\ccZqBDwv.s 			page 13


 342      B7A72FDA 
 342      B5B507AC 
 342      CE546F
 343 0308 B6AB7F6B 		.ascii	"\266\253\177kO\024\214D{w\363\341d\266f\347\216C\215"
 343      4F148C44 
 343      7B77F3E1 
 343      64B666E7 
 343      8E438D
 344 031b 89644772 		.ascii	"\211dGr_\366\210H\246\354\332\276\332C\235j\237\312"
 344      5FF68848 
 344      A6ECDABE 
 344      DA439D6A 
 344      9FCA
 345 032d D8B5F591 		.ascii	"\330\265\365\221T&B`$\323\333\251\326\232Nsw\353\376"
 345      54264260 
 345      24D3DBA9 
 345      D69A4E73 
 345      77EBFE
 346 0340 50635D14 		.ascii	"Pc]\024*\364\266f\373\366\332\347:D\273\200\310\372"
 346      2AF4B666 
 346      FBF6DAE7 
 346      3A44BB80 
 346      C8FA
 347 0352 7CC09FC9 		.ascii	"|\300\237\311\252\362\015k\222%\017wv\037\021]*\217"
 347      AAF20D6B 
 347      92250F77 
 347      761F115D 
 347      2A8F
 348 0364 67B23509 		.ascii	"g\2625\011(\357H\265\367\012e\360\302\232\0144\236\211"
 348      28EF48B5 
 348      F70A65F0 
 348      C29A0C34 
 348      9E89
 349 0376 EC7B39DE 		.ascii	"\354{9\336\272\277\261e\327\336\272m\333\342M\321\206"
 349      BABFB165 
 349      D7DEBA6D 
 349      DBE24DD1 
 349      86
 350 0387 E88166E7 		.ascii	"\350\201f\347\025Y\032\231tR\031F\327\337Q:Iz\177F\367"
 350      15591A99 
 350      74521946 
 350      D7DF513A 
 350      497A7F46 
 351 039c B363FDF2 		.ascii	"\263c\375\362\256\336$\035\011u\220~\275\347\311: \241"
 351      AEDE241D 
 351      0975907E 
 351      BDE7C93A 
 351      20A1
 352 03ae D2BF9ACE 		.ascii	"\322\277\232\316>\231\236\204\244\337\030OS\336\335"
 352      3E999E84 
 352      A4DF184F 
 352      53DEDD
 353 03bd 2DE24972 		.ascii	"-\342IryqM.i\372\240\324\271\276ToGZZvFv\2675\357\355"
 353      79714D2E 
 353      69FAA0D4 
 353      B9BE546F 
 353      475A5A76 
ARM GAS  C:\Users\Vania\AppData\Local\Temp\ccZqBDwv.s 			page 14


 354 03d7 B39DA61C 		.ascii	"\263\235\246\03432\016$V\371\356Z\267\257\236\233\242"
 354      33320E24 
 354      56F9EE5A 
 354      B7AF9E9B 
 354      A2
 355 03e8 FDFD9184 		.ascii	"\375\375\221\204g\371/kX&-"
 355      67F92F6B 
 355      58262D
 356              		.text
 357              		.section	.gnu.lto_.symtab.3c490f01,"e",%progbits
 358 0000 68616C49 		.ascii	"halInit\000"
 358      6E697400 
 359 0008 00       		.ascii	"\000"
 360 0009 00       		.ascii	"\000"
 361 000a 00       		.ascii	"\000"
 362 000b 00000000 		.ascii	"\000\000\000\000\000\000\000\000"
 362      00000000 
 363 0013 BC000000 		.ascii	"\274\000\000\000"
 364 0017 7374496E 		.ascii	"stInit\000"
 364      697400
 365 001e 00       		.ascii	"\000"
 366 001f 02       		.ascii	"\002"
 367 0020 00       		.ascii	"\000"
 368 0021 00000000 		.ascii	"\000\000\000\000\000\000\000\000"
 368      00000000 
 369 0029 BE000000 		.ascii	"\276\000\000\000"
 370 002d 626F6172 		.ascii	"boardInit\000"
 370      64496E69 
 370      7400
 371 0037 00       		.ascii	"\000"
 372 0038 02       		.ascii	"\002"
 373 0039 00       		.ascii	"\000"
 374 003a 00000000 		.ascii	"\000\000\000\000\000\000\000\000"
 374      00000000 
 375 0042 C0000000 		.ascii	"\300\000\000\000"
 376 0046 73706949 		.ascii	"spiInit\000"
 376      6E697400 
 377 004e 00       		.ascii	"\000"
 378 004f 02       		.ascii	"\002"
 379 0050 00       		.ascii	"\000"
 380 0051 00000000 		.ascii	"\000\000\000\000\000\000\000\000"
 380      00000000 
 381 0059 C2000000 		.ascii	"\302\000\000\000"
 382 005d 7364496E 		.ascii	"sdInit\000"
 382      697400
 383 0064 00       		.ascii	"\000"
 384 0065 02       		.ascii	"\002"
 385 0066 00       		.ascii	"\000"
 386 0067 00000000 		.ascii	"\000\000\000\000\000\000\000\000"
 386      00000000 
 387 006f C4000000 		.ascii	"\304\000\000\000"
 388 0073 70776D49 		.ascii	"pwmInit\000"
 388      6E697400 
 389 007b 00       		.ascii	"\000"
 390 007c 02       		.ascii	"\002"
 391 007d 00       		.ascii	"\000"
 392 007e 00000000 		.ascii	"\000\000\000\000\000\000\000\000"
ARM GAS  C:\Users\Vania\AppData\Local\Temp\ccZqBDwv.s 			page 15


 392      00000000 
 393 0086 C6000000 		.ascii	"\306\000\000\000"
 394 008a 67707449 		.ascii	"gptInit\000"
 394      6E697400 
 395 0092 00       		.ascii	"\000"
 396 0093 02       		.ascii	"\002"
 397 0094 00       		.ascii	"\000"
 398 0095 00000000 		.ascii	"\000\000\000\000\000\000\000\000"
 398      00000000 
 399 009d C8000000 		.ascii	"\310\000\000\000"
 400 00a1 5F70616C 		.ascii	"_pal_lld_init\000"
 400      5F6C6C64 
 400      5F696E69 
 400      7400
 401 00af 00       		.ascii	"\000"
 402 00b0 02       		.ascii	"\002"
 403 00b1 00       		.ascii	"\000"
 404 00b2 00000000 		.ascii	"\000\000\000\000\000\000\000\000"
 404      00000000 
 405 00ba CA000000 		.ascii	"\312\000\000\000"
 406 00be 68616C5F 		.ascii	"hal_lld_init\000"
 406      6C6C645F 
 406      696E6974 
 406      00
 407 00cb 00       		.ascii	"\000"
 408 00cc 02       		.ascii	"\002"
 409 00cd 00       		.ascii	"\000"
 410 00ce 00000000 		.ascii	"\000\000\000\000\000\000\000\000"
 410      00000000 
 411 00d6 CC000000 		.ascii	"\314\000\000\000"
 412              		.text
 413              		.section	.gnu.lto_.ext_symtab.3c490f01,"e",%progbits
 414 0000 01       		.ascii	"\001"
 415 0001 01       		.ascii	"\001"
 416 0002 00       		.ascii	"\000"
 417 0003 01       		.ascii	"\001"
 418 0004 00       		.ascii	"\000"
 419 0005 01       		.ascii	"\001"
 420 0006 00       		.ascii	"\000"
 421 0007 01       		.ascii	"\001"
 422 0008 00       		.ascii	"\000"
 423 0009 01       		.ascii	"\001"
 424 000a 00       		.ascii	"\000"
 425 000b 01       		.ascii	"\001"
 426 000c 00       		.ascii	"\000"
 427 000d 01       		.ascii	"\001"
 428 000e 00       		.ascii	"\000"
 429 000f 01       		.ascii	"\001"
 430 0010 00       		.ascii	"\000"
 431 0011 01       		.ascii	"\001"
 432 0012 00       		.ascii	"\000"
 433              		.text
 434              		.section	.gnu.lto_.opts,"e",%progbits
 435 0000 272D666E 		.ascii	"'-fno-openmp' '-fno-openacc' '-fno-pie' '-fcf-prote"
 435      6F2D6F70 
 435      656E6D70 
 435      2720272D 
ARM GAS  C:\Users\Vania\AppData\Local\Temp\ccZqBDwv.s 			page 16


 435      666E6F2D 
 436 0033 6374696F 		.ascii	"ction=none' '-g' '-mcpu=cortex-m7' '-mthumb' '-mflo"
 436      6E3D6E6F 
 436      6E652720 
 436      272D6727 
 436      20272D6D 
 437 0066 61742D61 		.ascii	"at-abi=soft' '-march=armv7e-m' '-O2' '-fomit-frame-"
 437      62693D73 
 437      6F667427 
 437      20272D6D 
 437      61726368 
 438 0099 706F696E 		.ascii	"pointer' '-falign-functions=16' '-ffunction-section"
 438      74657227 
 438      20272D66 
 438      616C6967 
 438      6E2D6675 
 439 00cc 73272027 		.ascii	"s' '-fdata-sections' '-fno-common' '-flto' '-Xassem"
 439      2D666461 
 439      74612D73 
 439      65637469 
 439      6F6E7327 
 440 00ff 626C6572 		.ascii	"bler' '-alms=./build/lst/hal.lst'\000"
 440      2720272D 
 440      616C6D73 
 440      3D2E2F62 
 440      75696C64 
 441              		.text
 442              		.comm	__gnu_lto_slim,1,1
 443              		.ident	"GCC: (GNU Arm Embedded Toolchain 10-2020-q4-major) 10.2.1 20201103 (release)"
ARM GAS  C:\Users\Vania\AppData\Local\Temp\ccZqBDwv.s 			page 17


DEFINED SYMBOLS
                            *ABS*:00000000 hal.c
C:\Users\Vania\AppData\Local\Temp\ccZqBDwv.s:18     .gnu.debuglto_.debug_info:00000000 hal.c.9905bdad
                            *COM*:00000001 __gnu_lto_slim

NO UNDEFINED SYMBOLS
