ARM GAS  C:\Users\Vania\AppData\Local\Temp\ccsJdcwj.s 			page 1


   1              		.cpu cortex-m7
   2              		.eabi_attribute 20, 1
   3              		.eabi_attribute 21, 1
   4              		.eabi_attribute 23, 3
   5              		.eabi_attribute 24, 1
   6              		.eabi_attribute 25, 1
   7              		.eabi_attribute 26, 1
   8              		.eabi_attribute 30, 2
   9              		.eabi_attribute 34, 1
  10              		.eabi_attribute 18, 4
  11              		.file	"hal_st.c"
  12              		.file 1 "d:\\chibistudio20v0\\tools\\gnu tools arm embedded\\10.0 2020q4\\arm-none-eabi\\include\\
  13              		.file 2 "d:\\chibistudio20v0\\tools\\gnu tools arm embedded\\10.0 2020q4\\arm-none-eabi\\include\\
  14              		.file 3 "D:\\ChibiStudio20v0\\chibios203/os/rt/include/chtime.h"
  15              		.file 4 "D:\\ChibiStudio20v0\\chibios203/os/hal/ports/STM32/LLD/TIMv1/stm32_tim.h"
  16              		.file 5 "D:\\ChibiStudio20v0\\chibios203/os/hal/src/hal_st.c"
  17              		.file 6 "D:\\ChibiStudio20v0\\chibios203/os/hal/ports/STM32/LLD/TIMv1/hal_st_lld.h"
  18              		.section	.gnu.debuglto_.debug_info,"e",%progbits
  19              	.Ldebug_info0:
  20              		.hidden	hal_st.c.b3918276
  21              		.weak	hal_st.c.b3918276
  22              	hal_st.c.b3918276:
  23 0000 11030000 		.4byte	0x311
  24 0004 0400     		.2byte	0x4
  25 0006 00000000 		.4byte	.Ldebug_abbrev0
  26 000a 04       		.byte	0x4
  27 000b 01       		.uleb128 0x1
  28 000c F0010000 		.4byte	.LASF38
  29 0010 0C       		.byte	0xc
  30 0011 2C000000 		.4byte	.LASF39
  31 0015 46010000 		.4byte	.LASF40
  32 0019 00000000 		.4byte	.Ldebug_line0
  33 001d 02       		.uleb128 0x2
  34 001e 04       		.byte	0x4
  35 001f 05       		.byte	0x5
  36 0020 696E7400 		.ascii	"int\000"
  37 0024 03       		.uleb128 0x3
  38 0025 04       		.byte	0x4
  39 0026 07       		.byte	0x7
  40 0027 39010000 		.4byte	.LASF0
  41 002b 03       		.uleb128 0x3
  42 002c 08       		.byte	0x8
  43 002d 05       		.byte	0x5
  44 002e 8B010000 		.4byte	.LASF1
  45 0032 03       		.uleb128 0x3
  46 0033 08       		.byte	0x8
  47 0034 04       		.byte	0x4
  48 0035 D8010000 		.4byte	.LASF2
  49 0039 03       		.uleb128 0x3
  50 003a 01       		.byte	0x1
  51 003b 06       		.byte	0x6
  52 003c E4010000 		.4byte	.LASF3
  53 0040 03       		.uleb128 0x3
  54 0041 01       		.byte	0x1
  55 0042 08       		.byte	0x8
  56 0043 D9000000 		.4byte	.LASF4
  57 0047 03       		.uleb128 0x3
ARM GAS  C:\Users\Vania\AppData\Local\Temp\ccsJdcwj.s 			page 2


  58 0048 02       		.byte	0x2
  59 0049 05       		.byte	0x5
  60 004a 71000000 		.4byte	.LASF5
  61 004e 03       		.uleb128 0x3
  62 004f 02       		.byte	0x2
  63 0050 07       		.byte	0x7
  64 0051 5E000000 		.4byte	.LASF6
  65 0055 03       		.uleb128 0x3
  66 0056 04       		.byte	0x4
  67 0057 05       		.byte	0x5
  68 0058 CF010000 		.4byte	.LASF7
  69 005c 04       		.uleb128 0x4
  70 005d 0A010000 		.4byte	.LASF10
  71 0061 01       		.byte	0x1
  72 0062 4F       		.byte	0x4f
  73 0063 19       		.byte	0x19
  74 0064 68000000 		.4byte	0x68
  75 0068 03       		.uleb128 0x3
  76 0069 04       		.byte	0x4
  77 006a 07       		.byte	0x7
  78 006b E7000000 		.4byte	.LASF8
  79 006f 03       		.uleb128 0x3
  80 0070 08       		.byte	0x8
  81 0071 07       		.byte	0x7
  82 0072 BB020000 		.4byte	.LASF9
  83 0076 04       		.uleb128 0x4
  84 0077 C6010000 		.4byte	.LASF11
  85 007b 02       		.byte	0x2
  86 007c 30       		.byte	0x30
  87 007d 14       		.byte	0x14
  88 007e 5C000000 		.4byte	0x5c
  89 0082 05       		.uleb128 0x5
  90 0083 76000000 		.4byte	0x76
  91 0087 04       		.uleb128 0x4
  92 0088 22000000 		.4byte	.LASF12
  93 008c 03       		.byte	0x3
  94 008d 6D       		.byte	0x6d
  95 008e 12       		.byte	0x12
  96 008f 76000000 		.4byte	0x76
  97 0093 06       		.uleb128 0x6
  98 0094 82000000 		.4byte	0x82
  99 0098 A3000000 		.4byte	0xa3
 100 009c 07       		.uleb128 0x7
 101 009d 24000000 		.4byte	0x24
 102 00a1 01       		.byte	0x1
 103 00a2 00       		.byte	0
 104 00a3 05       		.uleb128 0x5
 105 00a4 93000000 		.4byte	0x93
 106 00a8 06       		.uleb128 0x6
 107 00a9 82000000 		.4byte	0x82
 108 00ad B8000000 		.4byte	0xb8
 109 00b1 07       		.uleb128 0x7
 110 00b2 24000000 		.4byte	0x24
 111 00b6 03       		.byte	0x3
 112 00b7 00       		.byte	0
 113 00b8 05       		.uleb128 0x5
 114 00b9 A8000000 		.4byte	0xa8
ARM GAS  C:\Users\Vania\AppData\Local\Temp\ccsJdcwj.s 			page 3


 115 00bd 03       		.uleb128 0x3
 116 00be 01       		.byte	0x1
 117 00bf 08       		.byte	0x8
 118 00c0 67010000 		.4byte	.LASF13
 119 00c4 08       		.uleb128 0x8
 120 00c5 BD000000 		.4byte	0xbd
 121 00c9 03       		.uleb128 0x3
 122 00ca 01       		.byte	0x1
 123 00cb 02       		.byte	0x2
 124 00cc B5020000 		.4byte	.LASF14
 125 00d0 09       		.uleb128 0x9
 126 00d1 60       		.byte	0x60
 127 00d2 04       		.byte	0x4
 128 00d3 F601     		.2byte	0x1f6
 129 00d5 09       		.byte	0x9
 130 00d6 F1010000 		.4byte	0x1f1
 131 00da 0A       		.uleb128 0xa
 132 00db 43523100 		.ascii	"CR1\000"
 133 00df 04       		.byte	0x4
 134 00e0 F701     		.2byte	0x1f7
 135 00e2 19       		.byte	0x19
 136 00e3 82000000 		.4byte	0x82
 137 00e7 00       		.byte	0
 138 00e8 0A       		.uleb128 0xa
 139 00e9 43523200 		.ascii	"CR2\000"
 140 00ed 04       		.byte	0x4
 141 00ee F801     		.2byte	0x1f8
 142 00f0 19       		.byte	0x19
 143 00f1 82000000 		.4byte	0x82
 144 00f5 04       		.byte	0x4
 145 00f6 0B       		.uleb128 0xb
 146 00f7 AF010000 		.4byte	.LASF15
 147 00fb 04       		.byte	0x4
 148 00fc F901     		.2byte	0x1f9
 149 00fe 19       		.byte	0x19
 150 00ff 82000000 		.4byte	0x82
 151 0103 08       		.byte	0x8
 152 0104 0B       		.uleb128 0xb
 153 0105 B0000000 		.4byte	.LASF16
 154 0109 04       		.byte	0x4
 155 010a FA01     		.2byte	0x1fa
 156 010c 19       		.byte	0x19
 157 010d 82000000 		.4byte	0x82
 158 0111 0C       		.byte	0xc
 159 0112 0A       		.uleb128 0xa
 160 0113 535200   		.ascii	"SR\000"
 161 0116 04       		.byte	0x4
 162 0117 FB01     		.2byte	0x1fb
 163 0119 19       		.byte	0x19
 164 011a 82000000 		.4byte	0x82
 165 011e 10       		.byte	0x10
 166 011f 0A       		.uleb128 0xa
 167 0120 45475200 		.ascii	"EGR\000"
 168 0124 04       		.byte	0x4
 169 0125 FC01     		.2byte	0x1fc
 170 0127 19       		.byte	0x19
 171 0128 82000000 		.4byte	0x82
ARM GAS  C:\Users\Vania\AppData\Local\Temp\ccsJdcwj.s 			page 4


 172 012c 14       		.byte	0x14
 173 012d 0B       		.uleb128 0xb
 174 012e B4010000 		.4byte	.LASF17
 175 0132 04       		.byte	0x4
 176 0133 FD01     		.2byte	0x1fd
 177 0135 19       		.byte	0x19
 178 0136 82000000 		.4byte	0x82
 179 013a 18       		.byte	0x18
 180 013b 0B       		.uleb128 0xb
 181 013c BA010000 		.4byte	.LASF18
 182 0140 04       		.byte	0x4
 183 0141 FE01     		.2byte	0x1fe
 184 0143 19       		.byte	0x19
 185 0144 82000000 		.4byte	0x82
 186 0148 1C       		.byte	0x1c
 187 0149 0B       		.uleb128 0xb
 188 014a AA010000 		.4byte	.LASF19
 189 014e 04       		.byte	0x4
 190 014f FF01     		.2byte	0x1ff
 191 0151 19       		.byte	0x19
 192 0152 82000000 		.4byte	0x82
 193 0156 20       		.byte	0x20
 194 0157 0A       		.uleb128 0xa
 195 0158 434E5400 		.ascii	"CNT\000"
 196 015c 04       		.byte	0x4
 197 015d 0002     		.2byte	0x200
 198 015f 19       		.byte	0x19
 199 0160 82000000 		.4byte	0x82
 200 0164 24       		.byte	0x24
 201 0165 0A       		.uleb128 0xa
 202 0166 50534300 		.ascii	"PSC\000"
 203 016a 04       		.byte	0x4
 204 016b 0102     		.2byte	0x201
 205 016d 19       		.byte	0x19
 206 016e 82000000 		.4byte	0x82
 207 0172 28       		.byte	0x28
 208 0173 0A       		.uleb128 0xa
 209 0174 41525200 		.ascii	"ARR\000"
 210 0178 04       		.byte	0x4
 211 0179 0202     		.2byte	0x202
 212 017b 19       		.byte	0x19
 213 017c 82000000 		.4byte	0x82
 214 0180 2C       		.byte	0x2c
 215 0181 0A       		.uleb128 0xa
 216 0182 52435200 		.ascii	"RCR\000"
 217 0186 04       		.byte	0x4
 218 0187 0302     		.2byte	0x203
 219 0189 19       		.byte	0x19
 220 018a 82000000 		.4byte	0x82
 221 018e 30       		.byte	0x30
 222 018f 0A       		.uleb128 0xa
 223 0190 43435200 		.ascii	"CCR\000"
 224 0194 04       		.byte	0x4
 225 0195 0402     		.2byte	0x204
 226 0197 19       		.byte	0x19
 227 0198 B8000000 		.4byte	0xb8
 228 019c 34       		.byte	0x34
ARM GAS  C:\Users\Vania\AppData\Local\Temp\ccsJdcwj.s 			page 5


 229 019d 0B       		.uleb128 0xb
 230 019e 00000000 		.4byte	.LASF20
 231 01a2 04       		.byte	0x4
 232 01a3 0502     		.2byte	0x205
 233 01a5 19       		.byte	0x19
 234 01a6 82000000 		.4byte	0x82
 235 01aa 44       		.byte	0x44
 236 01ab 0A       		.uleb128 0xa
 237 01ac 44435200 		.ascii	"DCR\000"
 238 01b0 04       		.byte	0x4
 239 01b1 0602     		.2byte	0x206
 240 01b3 19       		.byte	0x19
 241 01b4 82000000 		.4byte	0x82
 242 01b8 48       		.byte	0x48
 243 01b9 0B       		.uleb128 0xb
 244 01ba 15010000 		.4byte	.LASF21
 245 01be 04       		.byte	0x4
 246 01bf 0702     		.2byte	0x207
 247 01c1 19       		.byte	0x19
 248 01c2 82000000 		.4byte	0x82
 249 01c6 4C       		.byte	0x4c
 250 01c7 0A       		.uleb128 0xa
 251 01c8 4F5200   		.ascii	"OR\000"
 252 01cb 04       		.byte	0x4
 253 01cc 0802     		.2byte	0x208
 254 01ce 19       		.byte	0x19
 255 01cf 82000000 		.4byte	0x82
 256 01d3 50       		.byte	0x50
 257 01d4 0B       		.uleb128 0xb
 258 01d5 C0010000 		.4byte	.LASF22
 259 01d9 04       		.byte	0x4
 260 01da 0902     		.2byte	0x209
 261 01dc 19       		.byte	0x19
 262 01dd 82000000 		.4byte	0x82
 263 01e1 54       		.byte	0x54
 264 01e2 0B       		.uleb128 0xb
 265 01e3 D2020000 		.4byte	.LASF23
 266 01e7 04       		.byte	0x4
 267 01e8 0A02     		.2byte	0x20a
 268 01ea 19       		.byte	0x19
 269 01eb A3000000 		.4byte	0xa3
 270 01ef 58       		.byte	0x58
 271 01f0 00       		.byte	0
 272 01f1 0C       		.uleb128 0xc
 273 01f2 A4000000 		.4byte	.LASF24
 274 01f6 04       		.byte	0x4
 275 01f7 0B02     		.2byte	0x20b
 276 01f9 03       		.byte	0x3
 277 01fa D0000000 		.4byte	0xd0
 278 01fe 0D       		.uleb128 0xd
 279 01ff 05000000 		.4byte	.LASF25
 280 0203 05       		.byte	0x5
 281 0204 A1       		.byte	0xa1
 282 0205 06       		.byte	0x6
 283 0206 C9000000 		.4byte	0xc9
 284 020a 0D       		.uleb128 0xd
 285 020b 15000000 		.4byte	.LASF26
ARM GAS  C:\Users\Vania\AppData\Local\Temp\ccsJdcwj.s 			page 6


 286 020f 05       		.byte	0x5
 287 0210 93       		.byte	0x93
 288 0211 0B       		.byte	0xb
 289 0212 87000000 		.4byte	0x87
 290 0216 0E       		.uleb128 0xe
 291 0217 D7020000 		.4byte	.LASF41
 292 021b 05       		.byte	0x5
 293 021c 83       		.byte	0x83
 294 021d 0B       		.byte	0xb
 295 021e 87000000 		.4byte	0x87
 296 0222 30020000 		.4byte	0x230
 297 0226 0F       		.uleb128 0xf
 298 0227 B5000000 		.4byte	.LASF27
 299 022b 40020000 		.4byte	0x240
 300 022f 00       		.byte	0
 301 0230 06       		.uleb128 0x6
 302 0231 C4000000 		.4byte	0xc4
 303 0235 40020000 		.4byte	0x240
 304 0239 07       		.uleb128 0x7
 305 023a 24000000 		.4byte	0x24
 306 023e 0A       		.byte	0xa
 307 023f 00       		.byte	0
 308 0240 08       		.uleb128 0x8
 309 0241 30020000 		.4byte	0x230
 310 0245 10       		.uleb128 0x10
 311 0246 79010000 		.4byte	.LASF28
 312 024a 05       		.byte	0x5
 313 024b 73       		.byte	0x73
 314 024c 06       		.byte	0x6
 315 024d 67020000 		.4byte	0x267
 316 0251 11       		.uleb128 0x11
 317 0252 D1000000 		.4byte	.LASF30
 318 0256 05       		.byte	0x5
 319 0257 73       		.byte	0x73
 320 0258 1B       		.byte	0x1b
 321 0259 87000000 		.4byte	0x87
 322 025d 0F       		.uleb128 0xf
 323 025e B5000000 		.4byte	.LASF27
 324 0262 40020000 		.4byte	0x240
 325 0266 00       		.byte	0
 326 0267 12       		.uleb128 0x12
 327 0268 1A010000 		.4byte	.LASF31
 328 026c 05       		.byte	0x5
 329 026d 65       		.byte	0x65
 330 026e 06       		.byte	0x6
 331 026f 10       		.uleb128 0x10
 332 0270 6C010000 		.4byte	.LASF29
 333 0274 05       		.byte	0x5
 334 0275 57       		.byte	0x57
 335 0276 06       		.byte	0x6
 336 0277 91020000 		.4byte	0x291
 337 027b 11       		.uleb128 0x11
 338 027c D1000000 		.4byte	.LASF30
 339 0280 05       		.byte	0x5
 340 0281 57       		.byte	0x57
 341 0282 1D       		.byte	0x1d
 342 0283 87000000 		.4byte	0x87
ARM GAS  C:\Users\Vania\AppData\Local\Temp\ccsJdcwj.s 			page 7


 343 0287 0F       		.uleb128 0xf
 344 0288 B5000000 		.4byte	.LASF27
 345 028c A1020000 		.4byte	0x2a1
 346 0290 00       		.byte	0
 347 0291 06       		.uleb128 0x6
 348 0292 C4000000 		.4byte	0xc4
 349 0296 A1020000 		.4byte	0x2a1
 350 029a 07       		.uleb128 0x7
 351 029b 24000000 		.4byte	0x24
 352 029f 0C       		.byte	0xc
 353 02a0 00       		.byte	0
 354 02a1 08       		.uleb128 0x8
 355 02a2 91020000 		.4byte	0x291
 356 02a6 12       		.uleb128 0x12
 357 02a7 84010000 		.4byte	.LASF32
 358 02ab 05       		.byte	0x5
 359 02ac 40       		.byte	0x40
 360 02ad 06       		.byte	0x6
 361 02ae 13       		.uleb128 0x13
 362 02af 8D000000 		.4byte	.LASF33
 363 02b3 06       		.byte	0x6
 364 02b4 6302     		.2byte	0x263
 365 02b6 14       		.byte	0x14
 366 02b7 C9000000 		.4byte	0xc9
 367 02bb 13       		.uleb128 0x13
 368 02bc 99010000 		.4byte	.LASF34
 369 02c0 06       		.byte	0x6
 370 02c1 5502     		.2byte	0x255
 371 02c3 19       		.byte	0x19
 372 02c4 87000000 		.4byte	0x87
 373 02c8 14       		.uleb128 0x14
 374 02c9 F9000000 		.4byte	.LASF35
 375 02cd 06       		.byte	0x6
 376 02ce 4902     		.2byte	0x249
 377 02d0 14       		.byte	0x14
 378 02d1 E3020000 		.4byte	0x2e3
 379 02d5 15       		.uleb128 0x15
 380 02d6 D1000000 		.4byte	.LASF30
 381 02da 06       		.byte	0x6
 382 02db 4902     		.2byte	0x249
 383 02dd 2F       		.byte	0x2f
 384 02de 87000000 		.4byte	0x87
 385 02e2 00       		.byte	0
 386 02e3 16       		.uleb128 0x16
 387 02e4 7B000000 		.4byte	.LASF42
 388 02e8 06       		.byte	0x6
 389 02e9 3902     		.2byte	0x239
 390 02eb 14       		.byte	0x14
 391 02ec 14       		.uleb128 0x14
 392 02ed BE000000 		.4byte	.LASF36
 393 02f1 06       		.byte	0x6
 394 02f2 2902     		.2byte	0x229
 395 02f4 14       		.byte	0x14
 396 02f5 07030000 		.4byte	0x307
 397 02f9 15       		.uleb128 0x15
 398 02fa D1000000 		.4byte	.LASF30
 399 02fe 06       		.byte	0x6
ARM GAS  C:\Users\Vania\AppData\Local\Temp\ccsJdcwj.s 			page 8


 400 02ff 2902     		.2byte	0x229
 401 0301 31       		.byte	0x31
 402 0302 87000000 		.4byte	0x87
 403 0306 00       		.byte	0
 404 0307 13       		.uleb128 0x13
 405 0308 26010000 		.4byte	.LASF37
 406 030c 06       		.byte	0x6
 407 030d 1B02     		.2byte	0x21b
 408 030f 19       		.byte	0x19
 409 0310 87000000 		.4byte	0x87
 410 0314 00       		.byte	0
 411              		.section	.gnu.debuglto_.debug_abbrev,"e",%progbits
 412              	.Ldebug_abbrev0:
 413 0000 01       		.uleb128 0x1
 414 0001 11       		.uleb128 0x11
 415 0002 01       		.byte	0x1
 416 0003 25       		.uleb128 0x25
 417 0004 0E       		.uleb128 0xe
 418 0005 13       		.uleb128 0x13
 419 0006 0B       		.uleb128 0xb
 420 0007 03       		.uleb128 0x3
 421 0008 0E       		.uleb128 0xe
 422 0009 1B       		.uleb128 0x1b
 423 000a 0E       		.uleb128 0xe
 424 000b 10       		.uleb128 0x10
 425 000c 17       		.uleb128 0x17
 426 000d 00       		.byte	0
 427 000e 00       		.byte	0
 428 000f 02       		.uleb128 0x2
 429 0010 24       		.uleb128 0x24
 430 0011 00       		.byte	0
 431 0012 0B       		.uleb128 0xb
 432 0013 0B       		.uleb128 0xb
 433 0014 3E       		.uleb128 0x3e
 434 0015 0B       		.uleb128 0xb
 435 0016 03       		.uleb128 0x3
 436 0017 08       		.uleb128 0x8
 437 0018 00       		.byte	0
 438 0019 00       		.byte	0
 439 001a 03       		.uleb128 0x3
 440 001b 24       		.uleb128 0x24
 441 001c 00       		.byte	0
 442 001d 0B       		.uleb128 0xb
 443 001e 0B       		.uleb128 0xb
 444 001f 3E       		.uleb128 0x3e
 445 0020 0B       		.uleb128 0xb
 446 0021 03       		.uleb128 0x3
 447 0022 0E       		.uleb128 0xe
 448 0023 00       		.byte	0
 449 0024 00       		.byte	0
 450 0025 04       		.uleb128 0x4
 451 0026 16       		.uleb128 0x16
 452 0027 00       		.byte	0
 453 0028 03       		.uleb128 0x3
 454 0029 0E       		.uleb128 0xe
 455 002a 3A       		.uleb128 0x3a
 456 002b 0B       		.uleb128 0xb
ARM GAS  C:\Users\Vania\AppData\Local\Temp\ccsJdcwj.s 			page 9


 457 002c 3B       		.uleb128 0x3b
 458 002d 0B       		.uleb128 0xb
 459 002e 39       		.uleb128 0x39
 460 002f 0B       		.uleb128 0xb
 461 0030 49       		.uleb128 0x49
 462 0031 13       		.uleb128 0x13
 463 0032 00       		.byte	0
 464 0033 00       		.byte	0
 465 0034 05       		.uleb128 0x5
 466 0035 35       		.uleb128 0x35
 467 0036 00       		.byte	0
 468 0037 49       		.uleb128 0x49
 469 0038 13       		.uleb128 0x13
 470 0039 00       		.byte	0
 471 003a 00       		.byte	0
 472 003b 06       		.uleb128 0x6
 473 003c 01       		.uleb128 0x1
 474 003d 01       		.byte	0x1
 475 003e 49       		.uleb128 0x49
 476 003f 13       		.uleb128 0x13
 477 0040 01       		.uleb128 0x1
 478 0041 13       		.uleb128 0x13
 479 0042 00       		.byte	0
 480 0043 00       		.byte	0
 481 0044 07       		.uleb128 0x7
 482 0045 21       		.uleb128 0x21
 483 0046 00       		.byte	0
 484 0047 49       		.uleb128 0x49
 485 0048 13       		.uleb128 0x13
 486 0049 2F       		.uleb128 0x2f
 487 004a 0B       		.uleb128 0xb
 488 004b 00       		.byte	0
 489 004c 00       		.byte	0
 490 004d 08       		.uleb128 0x8
 491 004e 26       		.uleb128 0x26
 492 004f 00       		.byte	0
 493 0050 49       		.uleb128 0x49
 494 0051 13       		.uleb128 0x13
 495 0052 00       		.byte	0
 496 0053 00       		.byte	0
 497 0054 09       		.uleb128 0x9
 498 0055 13       		.uleb128 0x13
 499 0056 01       		.byte	0x1
 500 0057 0B       		.uleb128 0xb
 501 0058 0B       		.uleb128 0xb
 502 0059 3A       		.uleb128 0x3a
 503 005a 0B       		.uleb128 0xb
 504 005b 3B       		.uleb128 0x3b
 505 005c 05       		.uleb128 0x5
 506 005d 39       		.uleb128 0x39
 507 005e 0B       		.uleb128 0xb
 508 005f 01       		.uleb128 0x1
 509 0060 13       		.uleb128 0x13
 510 0061 00       		.byte	0
 511 0062 00       		.byte	0
 512 0063 0A       		.uleb128 0xa
 513 0064 0D       		.uleb128 0xd
ARM GAS  C:\Users\Vania\AppData\Local\Temp\ccsJdcwj.s 			page 10


 514 0065 00       		.byte	0
 515 0066 03       		.uleb128 0x3
 516 0067 08       		.uleb128 0x8
 517 0068 3A       		.uleb128 0x3a
 518 0069 0B       		.uleb128 0xb
 519 006a 3B       		.uleb128 0x3b
 520 006b 05       		.uleb128 0x5
 521 006c 39       		.uleb128 0x39
 522 006d 0B       		.uleb128 0xb
 523 006e 49       		.uleb128 0x49
 524 006f 13       		.uleb128 0x13
 525 0070 38       		.uleb128 0x38
 526 0071 0B       		.uleb128 0xb
 527 0072 00       		.byte	0
 528 0073 00       		.byte	0
 529 0074 0B       		.uleb128 0xb
 530 0075 0D       		.uleb128 0xd
 531 0076 00       		.byte	0
 532 0077 03       		.uleb128 0x3
 533 0078 0E       		.uleb128 0xe
 534 0079 3A       		.uleb128 0x3a
 535 007a 0B       		.uleb128 0xb
 536 007b 3B       		.uleb128 0x3b
 537 007c 05       		.uleb128 0x5
 538 007d 39       		.uleb128 0x39
 539 007e 0B       		.uleb128 0xb
 540 007f 49       		.uleb128 0x49
 541 0080 13       		.uleb128 0x13
 542 0081 38       		.uleb128 0x38
 543 0082 0B       		.uleb128 0xb
 544 0083 00       		.byte	0
 545 0084 00       		.byte	0
 546 0085 0C       		.uleb128 0xc
 547 0086 16       		.uleb128 0x16
 548 0087 00       		.byte	0
 549 0088 03       		.uleb128 0x3
 550 0089 0E       		.uleb128 0xe
 551 008a 3A       		.uleb128 0x3a
 552 008b 0B       		.uleb128 0xb
 553 008c 3B       		.uleb128 0x3b
 554 008d 05       		.uleb128 0x5
 555 008e 39       		.uleb128 0x39
 556 008f 0B       		.uleb128 0xb
 557 0090 49       		.uleb128 0x49
 558 0091 13       		.uleb128 0x13
 559 0092 00       		.byte	0
 560 0093 00       		.byte	0
 561 0094 0D       		.uleb128 0xd
 562 0095 2E       		.uleb128 0x2e
 563 0096 00       		.byte	0
 564 0097 3F       		.uleb128 0x3f
 565 0098 19       		.uleb128 0x19
 566 0099 03       		.uleb128 0x3
 567 009a 0E       		.uleb128 0xe
 568 009b 3A       		.uleb128 0x3a
 569 009c 0B       		.uleb128 0xb
 570 009d 3B       		.uleb128 0x3b
ARM GAS  C:\Users\Vania\AppData\Local\Temp\ccsJdcwj.s 			page 11


 571 009e 0B       		.uleb128 0xb
 572 009f 39       		.uleb128 0x39
 573 00a0 0B       		.uleb128 0xb
 574 00a1 27       		.uleb128 0x27
 575 00a2 19       		.uleb128 0x19
 576 00a3 49       		.uleb128 0x49
 577 00a4 13       		.uleb128 0x13
 578 00a5 00       		.byte	0
 579 00a6 00       		.byte	0
 580 00a7 0E       		.uleb128 0xe
 581 00a8 2E       		.uleb128 0x2e
 582 00a9 01       		.byte	0x1
 583 00aa 3F       		.uleb128 0x3f
 584 00ab 19       		.uleb128 0x19
 585 00ac 03       		.uleb128 0x3
 586 00ad 0E       		.uleb128 0xe
 587 00ae 3A       		.uleb128 0x3a
 588 00af 0B       		.uleb128 0xb
 589 00b0 3B       		.uleb128 0x3b
 590 00b1 0B       		.uleb128 0xb
 591 00b2 39       		.uleb128 0x39
 592 00b3 0B       		.uleb128 0xb
 593 00b4 27       		.uleb128 0x27
 594 00b5 19       		.uleb128 0x19
 595 00b6 49       		.uleb128 0x49
 596 00b7 13       		.uleb128 0x13
 597 00b8 01       		.uleb128 0x1
 598 00b9 13       		.uleb128 0x13
 599 00ba 00       		.byte	0
 600 00bb 00       		.byte	0
 601 00bc 0F       		.uleb128 0xf
 602 00bd 34       		.uleb128 0x34
 603 00be 00       		.byte	0
 604 00bf 03       		.uleb128 0x3
 605 00c0 0E       		.uleb128 0xe
 606 00c1 49       		.uleb128 0x49
 607 00c2 13       		.uleb128 0x13
 608 00c3 34       		.uleb128 0x34
 609 00c4 19       		.uleb128 0x19
 610 00c5 00       		.byte	0
 611 00c6 00       		.byte	0
 612 00c7 10       		.uleb128 0x10
 613 00c8 2E       		.uleb128 0x2e
 614 00c9 01       		.byte	0x1
 615 00ca 3F       		.uleb128 0x3f
 616 00cb 19       		.uleb128 0x19
 617 00cc 03       		.uleb128 0x3
 618 00cd 0E       		.uleb128 0xe
 619 00ce 3A       		.uleb128 0x3a
 620 00cf 0B       		.uleb128 0xb
 621 00d0 3B       		.uleb128 0x3b
 622 00d1 0B       		.uleb128 0xb
 623 00d2 39       		.uleb128 0x39
 624 00d3 0B       		.uleb128 0xb
 625 00d4 27       		.uleb128 0x27
 626 00d5 19       		.uleb128 0x19
 627 00d6 01       		.uleb128 0x1
ARM GAS  C:\Users\Vania\AppData\Local\Temp\ccsJdcwj.s 			page 12


 628 00d7 13       		.uleb128 0x13
 629 00d8 00       		.byte	0
 630 00d9 00       		.byte	0
 631 00da 11       		.uleb128 0x11
 632 00db 05       		.uleb128 0x5
 633 00dc 00       		.byte	0
 634 00dd 03       		.uleb128 0x3
 635 00de 0E       		.uleb128 0xe
 636 00df 3A       		.uleb128 0x3a
 637 00e0 0B       		.uleb128 0xb
 638 00e1 3B       		.uleb128 0x3b
 639 00e2 0B       		.uleb128 0xb
 640 00e3 39       		.uleb128 0x39
 641 00e4 0B       		.uleb128 0xb
 642 00e5 49       		.uleb128 0x49
 643 00e6 13       		.uleb128 0x13
 644 00e7 00       		.byte	0
 645 00e8 00       		.byte	0
 646 00e9 12       		.uleb128 0x12
 647 00ea 2E       		.uleb128 0x2e
 648 00eb 00       		.byte	0
 649 00ec 3F       		.uleb128 0x3f
 650 00ed 19       		.uleb128 0x19
 651 00ee 03       		.uleb128 0x3
 652 00ef 0E       		.uleb128 0xe
 653 00f0 3A       		.uleb128 0x3a
 654 00f1 0B       		.uleb128 0xb
 655 00f2 3B       		.uleb128 0x3b
 656 00f3 0B       		.uleb128 0xb
 657 00f4 39       		.uleb128 0x39
 658 00f5 0B       		.uleb128 0xb
 659 00f6 27       		.uleb128 0x27
 660 00f7 19       		.uleb128 0x19
 661 00f8 00       		.byte	0
 662 00f9 00       		.byte	0
 663 00fa 13       		.uleb128 0x13
 664 00fb 2E       		.uleb128 0x2e
 665 00fc 00       		.byte	0
 666 00fd 03       		.uleb128 0x3
 667 00fe 0E       		.uleb128 0xe
 668 00ff 3A       		.uleb128 0x3a
 669 0100 0B       		.uleb128 0xb
 670 0101 3B       		.uleb128 0x3b
 671 0102 05       		.uleb128 0x5
 672 0103 39       		.uleb128 0x39
 673 0104 0B       		.uleb128 0xb
 674 0105 27       		.uleb128 0x27
 675 0106 19       		.uleb128 0x19
 676 0107 49       		.uleb128 0x49
 677 0108 13       		.uleb128 0x13
 678 0109 00       		.byte	0
 679 010a 00       		.byte	0
 680 010b 14       		.uleb128 0x14
 681 010c 2E       		.uleb128 0x2e
 682 010d 01       		.byte	0x1
 683 010e 03       		.uleb128 0x3
 684 010f 0E       		.uleb128 0xe
ARM GAS  C:\Users\Vania\AppData\Local\Temp\ccsJdcwj.s 			page 13


 685 0110 3A       		.uleb128 0x3a
 686 0111 0B       		.uleb128 0xb
 687 0112 3B       		.uleb128 0x3b
 688 0113 05       		.uleb128 0x5
 689 0114 39       		.uleb128 0x39
 690 0115 0B       		.uleb128 0xb
 691 0116 27       		.uleb128 0x27
 692 0117 19       		.uleb128 0x19
 693 0118 01       		.uleb128 0x1
 694 0119 13       		.uleb128 0x13
 695 011a 00       		.byte	0
 696 011b 00       		.byte	0
 697 011c 15       		.uleb128 0x15
 698 011d 05       		.uleb128 0x5
 699 011e 00       		.byte	0
 700 011f 03       		.uleb128 0x3
 701 0120 0E       		.uleb128 0xe
 702 0121 3A       		.uleb128 0x3a
 703 0122 0B       		.uleb128 0xb
 704 0123 3B       		.uleb128 0x3b
 705 0124 05       		.uleb128 0x5
 706 0125 39       		.uleb128 0x39
 707 0126 0B       		.uleb128 0xb
 708 0127 49       		.uleb128 0x49
 709 0128 13       		.uleb128 0x13
 710 0129 00       		.byte	0
 711 012a 00       		.byte	0
 712 012b 16       		.uleb128 0x16
 713 012c 2E       		.uleb128 0x2e
 714 012d 00       		.byte	0
 715 012e 03       		.uleb128 0x3
 716 012f 0E       		.uleb128 0xe
 717 0130 3A       		.uleb128 0x3a
 718 0131 0B       		.uleb128 0xb
 719 0132 3B       		.uleb128 0x3b
 720 0133 05       		.uleb128 0x5
 721 0134 39       		.uleb128 0x39
 722 0135 0B       		.uleb128 0xb
 723 0136 27       		.uleb128 0x27
 724 0137 19       		.uleb128 0x19
 725 0138 00       		.byte	0
 726 0139 00       		.byte	0
 727 013a 00       		.byte	0
 728              		.section	.gnu.debuglto_.debug_line,"e",%progbits
 729              	.Ldebug_line0:
 730 0000 B2010000 		.4byte	.LELT0-.LSLT0
 731              	.LSLT0:
 732 0004 0400     		.2byte	0x4
 733 0006 AC010000 		.4byte	.LELTP0-.LASLTP0
 734              	.LASLTP0:
 735 000a 01       		.byte	0x1
 736 000b 01       		.byte	0x1
 737 000c 01       		.byte	0x1
 738 000d F6       		.byte	0xf6
 739 000e F2       		.byte	0xf2
 740 000f 0D       		.byte	0xd
 741 0010 00       		.byte	0
ARM GAS  C:\Users\Vania\AppData\Local\Temp\ccsJdcwj.s 			page 14


 742 0011 01       		.byte	0x1
 743 0012 01       		.byte	0x1
 744 0013 01       		.byte	0x1
 745 0014 01       		.byte	0x1
 746 0015 00       		.byte	0
 747 0016 00       		.byte	0
 748 0017 00       		.byte	0
 749 0018 01       		.byte	0x1
 750 0019 00       		.byte	0
 751 001a 00       		.byte	0
 752 001b 01       		.byte	0x1
 753 001c 443A5C43 		.ascii	"D:\\ChibiStudio20v0\\chibios203/os/hal/ports/STM32/"
 753      68696269 
 753      53747564 
 753      696F3230 
 753      76305C63 
 754 004d 4C4C442F 		.ascii	"LLD/TIMv1"
 754      54494D76 
 754      31
 755 0056 00       		.byte	0
 756 0057 443A5C43 		.ascii	"D:\\ChibiStudio20v0\\chibios203/os/hal/src"
 756      68696269 
 756      53747564 
 756      696F3230 
 756      76305C63 
 757 007f 00       		.byte	0
 758 0080 443A5C43 		.ascii	"D:\\ChibiStudio20v0\\chibios203/os/rt/include"
 758      68696269 
 758      53747564 
 758      696F3230 
 758      76305C63 
 759 00ab 00       		.byte	0
 760 00ac 643A5C63 		.ascii	"d:\\chibistudio20v0\\tools\\gnu tools arm embedded\\"
 760      68696269 
 760      73747564 
 760      696F3230 
 760      76305C74 
 761 00dc 31302E30 		.ascii	"10.0 2020q4\\arm-none-eabi\\include\\machine"
 761      20323032 
 761      3071345C 
 761      61726D2D 
 761      6E6F6E65 
 762 0105 00       		.byte	0
 763 0106 643A5C63 		.ascii	"d:\\chibistudio20v0\\tools\\gnu tools arm embedded\\"
 763      68696269 
 763      73747564 
 763      696F3230 
 763      76305C74 
 764 0136 31302E30 		.ascii	"10.0 2020q4\\arm-none-eabi\\include\\sys"
 764      20323032 
 764      3071345C 
 764      61726D2D 
 764      6E6F6E65 
 765 015b 00       		.byte	0
 766 015c 00       		.byte	0
 767 015d 5F646566 		.ascii	"_default_types.h\000"
 767      61756C74 
ARM GAS  C:\Users\Vania\AppData\Local\Temp\ccsJdcwj.s 			page 15


 767      5F747970 
 767      65732E68 
 767      00
 768 016e 04       		.uleb128 0x4
 769 016f 00       		.uleb128 0
 770 0170 00       		.uleb128 0
 771 0171 5F737464 		.ascii	"_stdint.h\000"
 771      696E742E 
 771      6800
 772 017b 05       		.uleb128 0x5
 773 017c 00       		.uleb128 0
 774 017d 00       		.uleb128 0
 775 017e 63687469 		.ascii	"chtime.h\000"
 775      6D652E68 
 775      00
 776 0187 03       		.uleb128 0x3
 777 0188 00       		.uleb128 0
 778 0189 00       		.uleb128 0
 779 018a 73746D33 		.ascii	"stm32_tim.h\000"
 779      325F7469 
 779      6D2E6800 
 780 0196 01       		.uleb128 0x1
 781 0197 00       		.uleb128 0
 782 0198 00       		.uleb128 0
 783 0199 68616C5F 		.ascii	"hal_st.c\000"
 783      73742E63 
 783      00
 784 01a2 02       		.uleb128 0x2
 785 01a3 00       		.uleb128 0
 786 01a4 00       		.uleb128 0
 787 01a5 68616C5F 		.ascii	"hal_st_lld.h\000"
 787      73745F6C 
 787      6C642E68 
 787      00
 788 01b2 01       		.uleb128 0x1
 789 01b3 00       		.uleb128 0
 790 01b4 00       		.uleb128 0
 791 01b5 00       		.byte	0
 792              	.LELTP0:
 793              	.LELT0:
 794              		.section	.gnu.debuglto_.debug_str,"eMS",%progbits,1
 795              	.LASF20:
 796 0000 42445452 		.ascii	"BDTR\000"
 796      00
 797              	.LASF25:
 798 0005 73744973 		.ascii	"stIsAlarmActive\000"
 798      416C6172 
 798      6D416374 
 798      69766500 
 799              	.LASF26:
 800 0015 73744765 		.ascii	"stGetCounter\000"
 800      74436F75 
 800      6E746572 
 800      00
 801              	.LASF12:
 802 0022 73797374 		.ascii	"systime_t\000"
 802      696D655F 
ARM GAS  C:\Users\Vania\AppData\Local\Temp\ccsJdcwj.s 			page 16


 802      7400
 803              	.LASF39:
 804 002c 443A5C43 		.ascii	"D:\\ChibiStudio20v0\\chibios203/os/hal/src/hal_st.c"
 804      68696269 
 804      53747564 
 804      696F3230 
 804      76305C63 
 805 005d 00       		.ascii	"\000"
 806              	.LASF6:
 807 005e 73686F72 		.ascii	"short unsigned int\000"
 807      7420756E 
 807      7369676E 
 807      65642069 
 807      6E7400
 808              	.LASF5:
 809 0071 73686F72 		.ascii	"short int\000"
 809      7420696E 
 809      7400
 810              	.LASF42:
 811 007b 73745F6C 		.ascii	"st_lld_stop_alarm\000"
 811      6C645F73 
 811      746F705F 
 811      616C6172 
 811      6D00
 812              	.LASF33:
 813 008d 73745F6C 		.ascii	"st_lld_is_alarm_active\000"
 813      6C645F69 
 813      735F616C 
 813      61726D5F 
 813      61637469 
 814              	.LASF24:
 815 00a4 73746D33 		.ascii	"stm32_tim_t\000"
 815      325F7469 
 815      6D5F7400 
 816              	.LASF16:
 817 00b0 44494552 		.ascii	"DIER\000"
 817      00
 818              	.LASF27:
 819 00b5 5F5F6675 		.ascii	"__func__\000"
 819      6E635F5F 
 819      00
 820              	.LASF36:
 821 00be 73745F6C 		.ascii	"st_lld_start_alarm\000"
 821      6C645F73 
 821      74617274 
 821      5F616C61 
 821      726D00
 822              	.LASF30:
 823 00d1 61627374 		.ascii	"abstime\000"
 823      696D6500 
 824              	.LASF4:
 825 00d9 756E7369 		.ascii	"unsigned char\000"
 825      676E6564 
 825      20636861 
 825      7200
 826              	.LASF8:
 827 00e7 6C6F6E67 		.ascii	"long unsigned int\000"
ARM GAS  C:\Users\Vania\AppData\Local\Temp\ccsJdcwj.s 			page 17


 827      20756E73 
 827      69676E65 
 827      6420696E 
 827      7400
 828              	.LASF35:
 829 00f9 73745F6C 		.ascii	"st_lld_set_alarm\000"
 829      6C645F73 
 829      65745F61 
 829      6C61726D 
 829      00
 830              	.LASF10:
 831 010a 5F5F7569 		.ascii	"__uint32_t\000"
 831      6E743332 
 831      5F7400
 832              	.LASF21:
 833 0115 444D4152 		.ascii	"DMAR\000"
 833      00
 834              	.LASF31:
 835 011a 73745374 		.ascii	"stStopAlarm\000"
 835      6F70416C 
 835      61726D00 
 836              	.LASF37:
 837 0126 73745F6C 		.ascii	"st_lld_get_counter\000"
 837      6C645F67 
 837      65745F63 
 837      6F756E74 
 837      657200
 838              	.LASF0:
 839 0139 756E7369 		.ascii	"unsigned int\000"
 839      676E6564 
 839      20696E74 
 839      00
 840              	.LASF40:
 841 0146 443A5C43 		.ascii	"D:\\ChibiStudio20v0\\workspace\\LCD\000"
 841      68696269 
 841      53747564 
 841      696F3230 
 841      76305C77 
 842              	.LASF13:
 843 0167 63686172 		.ascii	"char\000"
 843      00
 844              	.LASF29:
 845 016c 73745374 		.ascii	"stStartAlarm\000"
 845      61727441 
 845      6C61726D 
 845      00
 846              	.LASF28:
 847 0179 73745365 		.ascii	"stSetAlarm\000"
 847      74416C61 
 847      726D00
 848              	.LASF32:
 849 0184 7374496E 		.ascii	"stInit\000"
 849      697400
 850              	.LASF1:
 851 018b 6C6F6E67 		.ascii	"long long int\000"
 851      206C6F6E 
 851      6720696E 
ARM GAS  C:\Users\Vania\AppData\Local\Temp\ccsJdcwj.s 			page 18


 851      7400
 852              	.LASF34:
 853 0199 73745F6C 		.ascii	"st_lld_get_alarm\000"
 853      6C645F67 
 853      65745F61 
 853      6C61726D 
 853      00
 854              	.LASF19:
 855 01aa 43434552 		.ascii	"CCER\000"
 855      00
 856              	.LASF15:
 857 01af 534D4352 		.ascii	"SMCR\000"
 857      00
 858              	.LASF17:
 859 01b4 43434D52 		.ascii	"CCMR1\000"
 859      3100
 860              	.LASF18:
 861 01ba 43434D52 		.ascii	"CCMR2\000"
 861      3200
 862              	.LASF22:
 863 01c0 43434D52 		.ascii	"CCMR3\000"
 863      3300
 864              	.LASF11:
 865 01c6 75696E74 		.ascii	"uint32_t\000"
 865      33325F74 
 865      00
 866              	.LASF7:
 867 01cf 6C6F6E67 		.ascii	"long int\000"
 867      20696E74 
 867      00
 868              	.LASF2:
 869 01d8 6C6F6E67 		.ascii	"long double\000"
 869      20646F75 
 869      626C6500 
 870              	.LASF3:
 871 01e4 7369676E 		.ascii	"signed char\000"
 871      65642063 
 871      68617200 
 872              	.LASF38:
 873 01f0 474E5520 		.ascii	"GNU C17 10.2.1 20201103 (release) -mcpu=cortex-m7 -"
 873      43313720 
 873      31302E32 
 873      2E312032 
 873      30323031 
 874 0223 6D746875 		.ascii	"mthumb -mfloat-abi=soft -march=armv7e-m -ggdb -O2 -"
 874      6D62202D 
 874      6D666C6F 
 874      61742D61 
 874      62693D73 
 875 0256 666F6D69 		.ascii	"fomit-frame-pointer -falign-functions=16 -ffunction"
 875      742D6672 
 875      616D652D 
 875      706F696E 
 875      74657220 
 876 0289 2D736563 		.ascii	"-sections -fdata-sections -fno-common -flto\000"
 876      74696F6E 
 876      73202D66 
ARM GAS  C:\Users\Vania\AppData\Local\Temp\ccsJdcwj.s 			page 19


 876      64617461 
 876      2D736563 
 877              	.LASF14:
 878 02b5 5F426F6F 		.ascii	"_Bool\000"
 878      6C00
 879              	.LASF9:
 880 02bb 6C6F6E67 		.ascii	"long long unsigned int\000"
 880      206C6F6E 
 880      6720756E 
 880      7369676E 
 880      65642069 
 881              	.LASF23:
 882 02d2 43435852 		.ascii	"CCXR\000"
 882      00
 883              	.LASF41:
 884 02d7 73744765 		.ascii	"stGetAlarm\000"
 884      74416C61 
 884      726D00
 885              		.text
 886              		.section	.gnu.lto_.profile.3c2cb8cc,"e",%progbits
 887 0000 789C6362 		.ascii	"x\234cb\000\001\000\000\022\000\003"
 887      00010000 
 887      120003
 888              		.text
 889              		.section	.gnu.lto_.icf.3c2cb8cc,"e",%progbits
 890 0000 789CD361 		.ascii	"x\234\323a@\000v\206\205\257n\\\340f|\365k\375Y\036"
 890      40007686 
 890      85AF6E5C 
 890      E0667CF5 
 890      6BFD591E 
 891 0014 A6251FDA 		.ascii	"\246%\037\332\347\2633\337z\273b;\007\313\327\225\217"
 891      E7B333DF 
 891      7ABB623B 
 891      07CBD795 
 891      8F
 892 0025 F7F0B0F6 		.ascii	"\367\360\260\366\256:<\205\223\355\347\225\336\016>"
 892      AE3A3C85 
 892      93EDE795 
 892      DE0E3E
 893 0034 0600FB61 		.ascii	"\006\000\373a\025\262"
 893      15B2
 894              		.text
 895              		.section	.gnu.lto_.ipa_sra.3c2cb8cc,"e",%progbits
 896 0000 789C5364 		.ascii	"x\234Sd@\000v\006\006F\006FFF\020\233\221\211\201\221"
 896      40007606 
 896      06460646 
 896      4646109B 
 896      91898191 
 897 0014 19C26261 		.ascii	"\031\302ba`fe`fc`f\000\000\010}\000N"
 897      60666560 
 897      66636066 
 897      0000087D 
 897      004E
 898              		.text
 899              		.section	.gnu.lto_.inline.3c2cb8cc,"e",%progbits
 900 0000 789C85CE 		.ascii	"x\234\205\316Q\012\200@\010\004\320q\3346\350\232Y\307"
 900      510A8040 
ARM GAS  C:\Users\Vania\AppData\Local\Temp\ccsJdcwj.s 			page 20


 900      0804D071 
 900      DC36E89A 
 900      59C7
 901 0012 88BA59A7 		.ascii	"\210\272Y\247\352;\225 \330\037\375\222\231\207\370"
 901      EA3B9520 
 901      D81FFD92 
 901      9987F8
 902 0021 E09F1968 		.ascii	"\340\237\031h\247\217\356\002\002\227\257\007\320#\242"
 902      A78FEE02 
 902      0297AF07 
 902      D023A2
 903 0030 3122C812 		.ascii	"1\"\310\022P2\274\271\271\313Zmp\374.\231\013f\261\016"
 903      5032BCB9 
 903      B9CB5A6D 
 903      70FC2E99 
 903      0B66B10E 
 904 0044 424BD14A 		.ascii	"BK\321J1\225\242\227\237\342\005\336\3724\253"
 904      3195A297 
 904      9FE205DE 
 904      FA34AB
 905              		.text
 906              		.section	.gnu.lto_.jmpfuncs.3c2cb8cc,"e",%progbits
 907 0000 789C5362 		.ascii	"x\234Sb@\000v\020\301\010\004\365K\230\031\230\030\030"
 907      40007610 
 907      C10804F5 
 907      4B981998 
 907      1818
 908 0012 98A14C16 		.ascii	"\230\241L\026\006\006V\006\0066\240$\0004\017\002\221"
 908      06065606 
 908      0636A024 
 908      00340F02 
 908      91
 909              		.text
 910              		.section	.gnu.lto_.pureconst.3c2cb8cc,"e",%progbits
 911 0000 789C05C1 		.ascii	"x\234\005\301\001\021\000 \014\304\260\037\024\346\000"
 911      01110020 
 911      0CC4B01F 
 911      14E600
 912 000f EDBBAA25 		.ascii	"\355\273\252%yI:C\311\222-\310\221+\0372\332\004\203"
 912      79493A43 
 912      C9922DC8 
 912      912B1F32 
 912      DA0483
 913              		.text
 914              		.section	.gnu.lto_.lto.3c2cb8cc,"e",%progbits
 915 0000 09000200 		.ascii	"\011\000\002\000\001\000\000\000"
 915      01000000 
 916              		.text
 917              		.section	.gnu.lto_stInit.366.3c2cb8cc,"e",%progbits
 918 0000 789CEB66 		.ascii	"x\234\353f``0\001be fdf`\2344\261\213\211\241\241\241"
 918      60603001 
 918      62652066 
 918      6466609C 
 918      34B18B89 
 919 0017 C1819D89 		.ascii	"\301\201\235\211\261qb\027'\343VF0\217\221\241\236\211"
 919      B1716217 
 919      27E35646 
ARM GAS  C:\Users\Vania\AppData\Local\Temp\ccsJdcwj.s 			page 21


 919      308F91A1 
 919      9E89
 920 0029 B19E7132 		.ascii	"\261\236q2\263&\220\373\243\345\310\303\206\200\003"
 920      B32690FB 
 920      A3E5C8C3 
 920      868003
 921 0038 8C4B9819 		.ascii	"\214K\230\031\030\346\0011\024\260\301x\214@\274\376"
 921      18E60131 
 921      14B0C178 
 921      8C40BCFE 
 922 0048 12EB8186 		.ascii	"\022\353\201\206?\377\373\033\032\356>b\234\251\014"
 922      3FFFFB1B 
 922      1AEE3E62 
 922      9CA90C
 923 0057 14EF6706 		.ascii	"\024\357g\006\031\334\300\302\330p\200\201a\0023\023"
 923      19DCC0C2 
 923      D8708081 
 923      61023313 
 924 0067 84D308E4 		.ascii	"\204\323\010\344\274blx\264\361\030#\303\007\306f\005"
 924      BC626C78 
 924      B4F11823 
 924      C307C666 
 924      05
 925 0078 861646A6 		.ascii	"\206\026F\246%\314\214\363\230\201\206,afb\370\304\330"
 925      25CC8CF3 
 925      9881862C 
 925      616662F8 
 925      C4D8
 926 008a F460B31B 		.ascii	"\364`\263\033\330\374~fF\204\001\014\014F.V1\316\031"
 926      D8FC7E66 
 926      4684010C 
 926      0C462E56 
 926      31CE19
 927 009d 994999C1 		.ascii	"\231I\231\301%\245)\231\371F\006e\0061\311 ~~\261\221"
 927      25A52999 
 927      F9460665 
 927      0631C920 
 927      7E7EB191 
 928 00b1 81B17E7E 		.ascii	"\201\261~~\261~Fb\216~qQ2\210\216/.\321Kf\000\000:s"
 928      B17E4662 
 928      8E7E7151 
 928      32888E2F 
 928      2ED14B66 
 929 00c9 4346     		.ascii	"CF"
 930              		.text
 931              		.section	.gnu.lto_stStartAlarm.367.3c2cb8cc,"e",%progbits
 932 0000 789C8D52 		.ascii	"x\234\215RMh\023A\024~\337\314fcOB\017\"\322C\360\007"
 932      4D681341 
 932      147EDFCC 
 932      66634F42 
 932      0F22D243 
 933 0016 D14336D9 		.ascii	"\321C6\331\240\255\202 X\264B\013B{,\224&\025\022\210"
 933      A0AD8220 
 933      58B4420B 
 933      427B2C94 
 933      26151288 
 934 002a 44BAB1D7 		.ascii	"D\272\261\327\216\251\010\026$\266^\212T\241\262H=\211"
ARM GAS  C:\Users\Vania\AppData\Local\Temp\ccsJdcwj.s 			page 22


 934      8EA90816 
 934      24B65E8A 
 934      54A1B248 
 934      3D89
 935 003c 82B6B146 		.ascii	"\202\266\261F\327R\352M\212\027\361 \324\344\"\036T"
 935      D752EA4D 
 935      8A17F120 
 935      D4E4221E 
 935      54
 936 004d 5A901685 		.ascii	"Z\220\026\205\366\315dS\241\247.\314\276\367\275\231"
 936      F6CD6453 
 936      A1A72ECC 
 936      BEF7BD99 
 937 005d EFFBDEBE 		.ascii	"\357\373\336\276\331K\202h\212\210\216\360\202$LN\214"
 937      D94B8268 
 937      8A888EF0 
 937      82244C4E 
 937      8C
 938 006e 0B524A9D 		.ascii	"\013RJ\235\217\012\334\234\030oA\005\006\201F\005Fq"
 938      8F0ADC9C 
 938      186F4105 
 938      06814605 
 938      4671
 939 0080 5F9E60B8 		.ascii	"_\236`\270\261\364\371\233\272\022\300\227D\217x\231"
 939      B1F4F99B 
 939      BA12C097 
 939      448F7899 
 940 0090 675A6252 		.ascii	"gZbR\372\022\260\302L \306\231<E\307\003\245V\252\363"
 940      FA12B0C2 
 940      4C20C699 
 940      3C45C703 
 940      A556AAF3 
 941 00a4 4AB5902F 		.ascii	"J\265\220/%\346\300\034\274\002^\202t\341\334_\213\310"
 941      25E6C01C 
 941      BC025E82 
 941      74E1DC5F 
 941      8BC8
 942 00b6 0E95C014 		.ascii	"\016\225\300\024\223\003\257\24155yc\345\366\227\347"
 942      9303AFA1 
 942      35357963 
 942      E5F697E7 
 943 00c6 4797C754 		.ascii	"G\227\307TW\223\217\220\217\005h\205\315\010\237<\026"
 943      57938F90 
 943      8F056885 
 943      CD089F3C 
 943      16
 944 00d7 343AEB08 		.ascii	"4:\353\010n\305v\373\360\271F\213\266n\377k\022o\270"
 944      6EC576FB 
 944      F0B9468B 
 944      B66EFF6B 
 944      126FB8
 945 00ea 56D142DA 		.ascii	"V\321B\332\031U\343\246\217<\373\024\011\324\277\255"
 945      1955E3A6 
 945      8F3CFB14 
 945      09D4BFAD 
 946 00fa B2525B87 		.ascii	"\262R[\207>N\377\332g\013`\2367\312ROEYP\001\321=)\032"
 946      3E4EFFDA 
ARM GAS  C:\Users\Vania\AppData\Local\Temp\ccsJdcwj.s 			page 23


 946      670B609E 
 946      37CA524F 
 946      45595001 
 947 0112 608CC10F 		.ascii	"`\214\301\017\250\332\3722t<\274\363\252\375\2619\224"
 947      A8DAFA32 
 947      743CBCF3 
 947      AAFDB139 
 947      94
 948 0123 62ECF358 		.ascii	"b\354\363X\012]Y\237\271\373\242\276\332\312Vf\177\256"
 948      0A5D599F 
 948      B9FBA2BE 
 948      DACA5666 
 948      7FAE
 949 0135 3E05BC05 		.ascii	">\005\274\005\375\304\342\203\247m\341\304,\320Nf\014"
 949      FDC4E283 
 949      A76DE1C4 
 949      2CD04E66 
 949      0C
 950 0146 183D01CF 		.ascii	"\030=\001\317(\202\000xgv\0233J}\337\357K\033\357\361"
 950      28820078 
 950      67761333 
 950      4A7DDFEF 
 950      4B1BEFF1 
 951 015a 509ADE5D 		.ascii	"P\232\336].\315\036\360e\024\213\300IS\012Mk\225\372"
 951      2ECD1EF0 
 951      65148BC0 
 951      49530A4D 
 951      6B95FA
 952 016d 416DB136 		.ascii	"Am\2616\333\266[\252\251\023\305\022\353@\223\2641_"
 952      DBB65BAA 
 952      A913C512 
 952      EB4093B4 
 952      315F
 953 017f B42156F7 		.ascii	"\264!V\367@\374\300D\361\237\250\035K\277\357,\324-"
 953      40FCC044 
 953      F19FA81D 
 953      4BBFEF2C 
 953      D42D
 954 0191 9EAC1E30 		.ascii	"\236\254\0360\255\241\264\272y\321\374\035e\331\370"
 954      ADA1B4BA 
 954      79D1FC1D 
 954      65D9F8
 955 01a0 2294020D 		.ascii	"\"\224\002\015\335\316\263\375\027\262\271t\256\267"
 955      DDCEB3FD 
 955      17B2B974 
 955      AEB7
 956 01ae 78632857 		.ascii	"xc(Wp\023#\211\376\214\306\005\317M\244\234\202\347"
 956      70132389 
 956      FE8CC605 
 956      CF4DA49C 
 956      82E7
 957 01c0 6407F38E 		.ascii	"d\007\363\2167\234\321q\300+\3063\024\035L{\305\334"
 957      379CD171 
 957      C02BC633 
 957      141D4C7B 
 957      C5DC
 958 01d2 B5ABADCD 		.ascii	"\265\253\255\315J<\235:\223\354p\333OS\327\236\324\256"
ARM GAS  C:\Users\Vania\AppData\Local\Temp\ccsJdcwj.s 			page 24


 958      4A3C9D3A 
 958      93EC70DB 
 958      4F53D79E 
 958      D4AE
 959 01e4 17868B9E 		.ascii	"\027\206\213\236\323\333\327\223r\235\356\356N\247\357"
 959      D3DBD793 
 959      729DEEEE 
 959      4EA7EF
 960 01f3 72CF4832 		.ascii	"r\317H2\324\037\310\347\207\342Y\332\006\020\263\354"
 960      D41FC8E7 
 960      87E259DA 
 960      0610B3EC 
 961 0203 EE       		.ascii	"\356"
 962              		.text
 963              		.section	.gnu.lto_stStopAlarm.368.3c2cb8cc,"e",%progbits
 964 0000 789C8D8F 		.ascii	"x\234\215\217?HBQ\024\306\317\367\256\375qjlikj\361"
 964      3F484251 
 964      14C6CFF7 
 964      AEFD716A 
 964      6C696B6A 
 965 0015 3D9F5B53 		.ascii	"=\237[S\220C\201B\240\243 \245\203\202\360\302gn\341"
 965      90438142 
 965      A0A320A5 
 965      8382F0C2 
 965      676EE1
 966 0028 CD20C8C5 		.ascii	"\315 \310\305T\010\007K\242G\2645YV\313#\202\366\246"
 966      5408074B 
 966      A247B435 
 966      5956CB23 
 966      82F6A6
 967 003b D60A2A1A 		.ascii	"\326\012*\032*\014\242 \250s\237\322\334\205\303=\277"
 967      2A0CA220 
 967      A8739FD2 
 967      DC85C33D 
 967      BF
 968 004c 73CFF9CE 		.ascii	"s\317\371\316w\375 Z%\242I\016\010B\275V\321HJ93\242"
 968      77FD205A 
 968      25A2490E 
 968      0842BD56 
 968      D1484A39 
 969 0062 61AD56F1 		.ascii	"a\255V\361\243\003\217@%\015%4\304\024\343\347\345\303"
 969      A3038F40 
 969      250D2534 
 969      C414E3E7 
 969      E5C3
 970 0074 AD5C70E1 		.ascii	"\255\\p\341\010\242]\216\301\031\036\020Z\002^\016\034"
 970      08A25D8E 
 970      C1191E10 
 970      5A025E0E 
 970      1C
 971 0085 8314A899 		.ascii	"\203\024\250\231\307 \261\030\027U\037N\2747^NG\327"
 971      C720B118 
 971      17551F4E 
 971      BC375E4E 
 971      47D7
 972 0097 43AEFCFE 		.ascii	"C\256\374\376\251J\371:\321m}\214\262BU(\013\322\007"
 972      A94AF93A 
ARM GAS  C:\Users\Vania\AppData\Local\Temp\ccsJdcwj.s 			page 25


 972      D16D7D8C 
 972      B2425528 
 972      0BD207
 973 00aa E9126D09 		.ascii	"\351\022m\011\255\017\353\014\317\220w\355+\250\373"
 973      AD0FEB0C 
 973      CF9077ED 
 973      2BA8FB
 974 00b9 BDD3686F 		.ascii	"\275\323hol\203\225\274\352\327}\023\350\202^p\321;"
 974      6C8395BC 
 974      EAD77D13 
 974      E8825E70 
 974      D13B
 975 00cb 1CE7A575 		.ascii	"\034\347\245u\341\260\001\372\313<\021\246\003\220#"
 975      E1B001FA 
 975      CB3C11A6 
 975      039023
 976 00da 349C01A7 		.ascii	"4\234\001\247 cO\312\2471G\010\234cGx\276T7\233\244"
 976      20634FCA 
 976      A7314708 
 976      9C634778 
 976      BE54379B 
 977 00ef 1ECA6F9B 		.ascii	"\036\312o\2337\373>6\355\375\256*\372\022(\273\012\315"
 977      37FB3E36 
 977      EDFDAE2A 
 977      FA1228BB 
 977      0ACD
 978 0101 F0746236 		.ascii	"\360tb6\223]\312\306\012+\351\254e\032E#\221Rl\331\246"
 978      935DCAC6 
 978      0A2BE9AC 
 978      651A4523 
 978      91526CD9 
 979 0116 11D22D5B 		.ascii	"\021\322-[\317,\346t;\237Rw\322.\004R4\367\257\221e"
 979      CF2CE674 
 979      3B9F5277 
 979      D22E0452 
 979      34F7AF91 
 980 012b 2B5FB0F5 		.ascii	"+_\260\365X<\0322\365H$\254\307\347\243\305\340@$\231"
 980      583C1A32 
 980      F54824AC 
 980      C7E7A3C5 
 980      E0402499 
 981 013f CBA50319 		.ascii	"\313\245\003\031\372\005\367\220\202X"
 981      FA05F790 
 981      8258
 982              		.text
 983              		.section	.gnu.lto_stSetAlarm.369.3c2cb8cc,"e",%progbits
 984 0000 789C8D51 		.ascii	"x\234\215QMHTQ\024>\337\273oft\025\270h\0251\024\022"
 984      4D485451 
 984      143EDFBB 
 984      6F667415 
 984      B8681531 
 985 0016 B59837F3 		.ascii	"\265\2307\363\206\312\244 P\310@!\320\245 \316\030\314"
 985      86CAA420 
 985      50C84021 
 985      D0A520CE 
 985      18CC
 986 0028 C0C4846F 		.ascii	"\300\304\204or\353i\214 !&uca\201\362\220Z\005I\251"
ARM GAS  C:\Users\Vania\AppData\Local\Temp\ccsJdcwj.s 			page 26


 986      72EB698C 
 986      20212675 
 986      636181F2 
 986      905A0549 
 987 003d D9CF4B8A 		.ascii	"\331\317K\2126-,p\025\224\031H\264\350\307\020]Dv\356"
 987      362D2C70 
 987      15941948 
 987      B4E8C710 
 987      5D4476EE 
 988 0051 7D4F17AD 		.ascii	"}O\027\255zp\3379\337\371\371\276s\317]\006\3218\021"
 988      7A70DF39 
 988      DFF9F9BE 
 988      73CF5D06 
 988      D13811
 989 0064 1D940345 		.ascii	"\035\224\003E\030\035\031\266\210\231O',\\\036\031\256"
 989      181D19B6 
 989      88994F27 
 989      2C5C1E19 
 989      AE
 990 0075 C73C0C02 		.ascii	"\307<\014\002\015Z\030\304\230:,p\353\345\306'>\027"
 990      0D5A18C4 
 990      983A2C70 
 990      EBE5C627 
 990      3E17
 991 0087 C0574477 		.ascii	"\300WDw\344\230oBaT\371\012\260#\317BR<u\224\016\005"
 991      E4986F42 
 991      6154F90A 
 991      B023CF42 
 991      523C7594 
 992 009d CC4B0B73 		.ascii	"\314K\013s\314\365\344+\205YH\017\036\001\017E[\002"
 992      CCF5E42B 
 992      8559480F 
 992      1E010F45 
 992      5B02
 993 00af A7DEDA44 		.ascii	"\247\336\332D\361\210\011\322b|\34014\247n\336Z\272"
 993      F18809D2 
 993      627CE031 
 993      34A76EDE 
 993      5ABA
 994 00c1 7A73E6E4 		.ascii	"zs\346\344\253!n\333\351G\324\217\005h\206\345\230T"
 994      AB216EDB 
 994      E947D48F 
 994      056886E5 
 994      9854
 995 00d3 3606E164 		.ascii	"6\006\341dM\301\225\344\277:R\027\216\030\327\343of"
 995      4DC195E4 
 995      BF3A5217 
 995      8E18D7E3 
 995      6F66
 996 00e5 F04462F3 		.ascii	"\360Db\363\232H+\343\251Q\323%\367\337\305\002\376\275"
 996      9A482BE3 
 996      A951D325 
 996      F7DFC502 
 996      FEBD
 997 00f7 5D63FEB8 		.ascii	"]c\376\270\377\315\304\237:\333\002\346$QSz+l\203\003"
 997      FFCDC49F 
 997      3ADB02E6 
ARM GAS  C:\Users\Vania\AppData\Local\Temp\ccsJdcwj.s 			page 27


 997      2451537A 
 997      2B6C8303 
 998 010b A21BCA0A 		.ascii	"\242\033\312\012\301\220\200\257\340\325\367\257\241"
 998      C19080AF 
 998      E0D5F7AF 
 998      A1
 999 0118 ED81DDDF 		.ascii	"\355\201\335\337\352\207\204\230jRt\246\224\245#\277"
 999      EA878498 
 999      6A5274A6 
 999      94A523BF 
 1000 0128 26AF3F58 		.ascii	"&\257?X[i\020)\223\237]\033\007\236\201\276a\361\326"
 1000      5B691029 
 1000      939F5D1B 
 1000      079E81BE 
 1000      61F1D6
 1001 013b BD7DD1C6 		.ascii	"\275}\321\306l\320\256g\004\004MCv\024C\000<7\331\364"
 1001      6CD0AE67 
 1001      04044D43 
 1001      76144300 
 1001      3C37D9F4 
 1002 014f 24F3973D 		.ascii	"$\363\227=\276\212\343\005n+3\273+\241\273{}\225\300"
 1002      BE8AE305 
 1002      6E2B33BB 
 1002      2BA1BB7B 
 1002      7D95C0
 1003 0162 2270C484 		.ascii	"\"p\304\204B\321\352\217k\337?\333rO}]ZGu\345\347\031"
 1003      42D1EA8F 
 1003      6BDF3FDB 
 1003      724F7D5D 
 1003      5A4775E5 
 1004 0178 F3563515 		.ascii	"\363V5\025\362\243\032h\350\2666w\267\024\212\271bg"
 1004      F2A31A68 
 1004      E8B63677 
 1004      B7148AB9 
 1004      6267
 1005 018a E5525FB1 		.ascii	"\345R_\261\354\246\007\322\335y\215\313\236\233\316"
 1005      ECA607D2 
 1005      DD798DCB 
 1005      9E9BCE
 1006 0199 3A65CF29 		.ascii	":e\317)\364\226\034\257?\257m\217WI\345)\321\233\363"
 1006      F4961CAF 
 1006      3FAF6D8F 
 1006      5749E529 
 1006      D19BF3
 1007 01ac 2AC50BE7 		.ascii	"*\305\013\347\033v\"\251\\\366D\246\311=~\214\332\376"
 1007      1B7622A9 
 1007      5CF644A6 
 1007      C93D7E8C 
 1007      DAFE
 1008 01be 8BED62B9 		.ascii	"\213\355b\271\277\3429\235]\035Y\327ioou\272\316v\014"
 1008      BFE2399D 
 1008      5D1D59D7 
 1008      696F6F75 
 1008      BACE760C 
 1009 01d2 6422FE9E 		.ascii	"d\"\376\236R\251/U\240\277\353\372\311\310"
 1009      52A92F55 
 1009      A0BFEBFA 
ARM GAS  C:\Users\Vania\AppData\Local\Temp\ccsJdcwj.s 			page 28


 1009      C9C8
 1010              		.text
 1011              		.section	.gnu.lto_stGetAlarm.370.3c2cb8cc,"e",%progbits
 1012 0000 789C8D90 		.ascii	"x\234\215\220MK\002Q\024\206\317;W\223\202\376CD\364"
 1012      4D4B0251 
 1012      1486CF3B 
 1012      579382FE 
 1012      4344F4
 1013 0013 B5686CDC 		.ascii	"\265hl\334\265\012\212(\260\225-\003)[(\010\206c\356"
 1013      B50A8A28 
 1013      B0952D03 
 1013      295B2808 
 1013      8663EE
 1014 0026 C29BD1A2 		.ascii	"\302\233\321\2426fm\202L(\206\260U\020\212}XHdA\253"
 1014      36666D82 
 1014      4C2886B0 
 1014      55108A7D 
 1014      58486441 
 1015 003b A81F10B4 		.ascii	"\250\037\020\264\210h\021Q\033\027\201\235{\225\326"
 1015      88681151 
 1015      1B17819D 
 1015      7B95D6
 1016 004a 0DCC9CF3 		.ascii	"\015\314\234\363\276\347\234\347\236;~\020-\023Q/\277"
 1016      BEE79CE7 
 1016      9E3B7E10 
 1016      2D13512F 
 1016      BF
 1017 005b 1084ADEC 		.ascii	"\020\204\255\354\206AR\312Q\217\201\225\354F\243Pt\241"
 1017      864152CA 
 1017      518F8195 
 1017      EC46A350 
 1017      74A1
 1018 006d 0C6D8052 		.ascii	"\014m\200R\006R\330\0269\201-\341p\263\253\225\001]"
 1018      0652D816 
 1018      39812DE1 
 1018      70B3AB95 
 1018      015D
 1019 007f 035529EB 		.ascii	"\003U)\3537\265\223U\317\332\244#\014\312s\271\004\024"
 1019      37B59355 
 1019      CFDAA423 
 1019      0CCA73B9 
 1019      0414
 1020 0091 19AF9E36 		.ascii	"\031\257\2366R\016\037\301\023:\007NAJ0\272~w\300\335"
 1020      520E1FC1 
 1020      133A074E 
 1020      414A30BA 
 1020      7E77C0DD 
 1021 00a5 65B0AB1A 		.ascii	"e\260\253\032q\246\213j\362\370\321]\225?\215\214\224"
 1021      71A68B6A 
 1021      F2F8D15D 
 1021      953F8D8C 
 1021      94
 1022 00b6 CFFD95DC 		.ascii	"\317\375\225\334a;\203\035\301\234\214P;J\027d\225h"
 1022      613B831D 
 1022      C19C8C50 
 1022      3B4A1764 
 1022      9568
ARM GAS  C:\Users\Vania\AppData\Local\Temp\ccsJdcwj.s 			page 29


 1023 00c8 53184DB1 		.ascii	"S\030M\261\312\342\035\362e\367\036*v\377}^\362\035"
 1023      CAE21DF2 
 1023      65F71E2A 
 1023      76FF7D5E 
 1023      F21D
 1024 00da 2A7C979E 		.ascii	"*|\227\236J\26790_\233\317\257;\3009\350\003\327\017"
 1024      4AB73930 
 1024      5F9BCFAF 
 1024      3BC039E8 
 1024      03D70F
 1025 00ed 479D07C2 		.ascii	"G\235\007\302h\335\306\245\027kf\032\314\352\020|\260"
 1025      68DDC6A5 
 1025      176B661A 
 1025      CCEA107C 
 1025      B0
 1026 00fe 1B15E042 		.ascii	"\033\025\340BW\275\373R\276\3658\242\015\227\330\023"
 1026      57BDFB52 
 1026      BEF538A2 
 1026      0D97D813 
 1027 010e 7A678BAD 		.ascii	"zg\213\255B\237#<\270\002\006\265E_H\177\256gj\023|"
 1027      429F233C 
 1027      B80206B5 
 1027      455F487F 
 1027      AE676A13 
 1028 0123 39E6AB1F 		.ascii	"9\346\253\037\221\021M&\322U%\255\361\221\331\261pd"
 1028      91114D26 
 1028      D25525AD 
 1028      F191D9B1 
 1028      7064
 1029 0135 3E12482C 		.ascii	">\022H,-Db\2267\351\235\015)\035\263-\257\317\214\331"
 1029      2D446296 
 1029      37E99D0D 
 1029      291DB32D 
 1029      AFCF8CD9 
 1030 0149 66782E6A 		.ascii	"fx.j\332\361\220\212A;1\024\242\311\177\215,\306\342"
 1030      DAF1908A 
 1030      413B3114 
 1030      A2C97F8D 
 1030      2CC6E2
 1031 015c 09DB0CCC 		.ascii	"\011\333\014\314L\373,\323\357\0377g\246\246\223\303"
 1031      4CFB2CD3 
 1031      EF1F3767 
 1031      A6A693C3 
 1032 016c 2D48301A 		.ascii	"-H0\032]\030\012\323/\324\014\227\011"
 1032      5D180AD3 
 1032      2FD40C97 
 1032      09
 1033              		.text
 1034              		.section	.gnu.lto_stGetCounter.371.3c2cb8cc,"e",%progbits
 1035 0000 789C8D8F 		.ascii	"x\234\215\217MKBA\024\206\317{\307\017Z\364\037\202"
 1035      4D4B4241 
 1035      1486CF7B 
 1035      C70F5AF4 
 1035      1F82
 1036 0012 22A885D7 		.ascii	"\"\250\205\327t\327*H\302@W\272\024\244t\241 \030^s"
 1036      74D72A48 
 1036      C24057BA 
ARM GAS  C:\Users\Vania\AppData\Local\Temp\ccsJdcwj.s 			page 30


 1036      14A474A1 
 1036      20185E73 
 1037 0026 174E4A8B 		.ascii	"\027NJ\213\334\230\266\250\205\005\211\004\025\021\224"
 1037      DC98B6A8 
 1037      85058904 
 1037      151194
 1038 0035 621F1612 		.ascii	"b\037\026\022\325\017\010j\025\004\256\242EEm\204\202"
 1038      D50F086A 
 1038      1504AEA2 
 1038      45456D84 
 1038      82
 1039 0046 3A73F507 		.ascii	":s\365\007403\347=\037\317\2743\014\242%\"\032\345\015"
 1039      343033E7 
 1039      3D1FCFBC 
 1039      330CA225 
 1039      221AE50D 
 1040 005a 4128970A 		.ascii	"A(\227\012\032I)\247\354\032\226K\205\367\375\272\005"
 1040      1A4929A7 
 1040      EC1A964B 
 1040      85F7FDBA 
 1040      05
 1041 006b 4D980950 		.ascii	"M\230\011PVC\026\353\242\"P\0265n\266\364#`h\254-e\367"
 1041      564316EB 
 1041      A2225016 
 1041      356EB6F4 
 1041      236068AC 
 1042 0082 E6E1386F 		.ascii	"\346\3418o_\361\326\204F\333\\n\000u\306\253e#\225\341"
 1042      5FF1D684 
 1042      46DB5C6E 
 1042      0075C6AB 
 1042      652395E1 
 1043 0096 2778C28C 		.ascii	"'x\302\214\201S\220\022\214\356>V\271\273\011\316\252"
 1043      81539012 
 1043      8CEE3E56 
 1043      B9BB09CE 
 1043      AA
 1044 00a7 469C9945 		.ascii	"F\234\231E5ytom\313\237\337\242\224\317\343WO\007\003"
 1044      3579746F 
 1044      6DCB9FDF 
 1044      A294CFE3 
 1044      574F0703 
 1045 00bb 0CAE09E6 		.ascii	"\014\256\011\346\024\205\362(-\220m\2425\241\365D\236"
 1045      1485F228 
 1045      2D906DA2 
 1045      35A1F544 
 1045      9E
 1046 00cc C52B64D5 		.ascii	"\305+d\325\256\316\257\306\311\306]\005\014S\252\363"
 1046      AECEAFC6 
 1046      C9C65D05 
 1046      0C53AAF3 
 1047 00dc DDD904CE 		.ascii	"\335\331\004\316Ao\270n\355\015V\205\326\267n1]\364"
 1047      416FB86E 
 1047      ED0D5685 
 1047      D6B76E31 
 1047      5DF4
 1048 00ee 2293C26A 		.ascii	"\"\223\302j\027\374\212\025-\340\002\344\334\221\362"
 1048      17FC8A15 
ARM GAS  C:\Users\Vania\AppData\Local\Temp\ccsJdcwj.s 			page 31


 1048      2DE002E4 
 1048      DC91F2
 1049 00fd 65A4266C 		.ascii	"e\244&l\270\304\2260\335\321'r\037\253\207\2673\354"
 1049      B8C49630 
 1049      DDD12772 
 1049      1FAB87B7 
 1049      33EC
 1050 010f 9949EA7F 		.ascii	"\231I\352\177E\321\233F\256\255\244\3133\031\232\216"
 1050      45D19B46 
 1050      AEADA4CB 
 1050      33199A8E 
 1051 011f C5E7E381 		.ascii	"\305\347\343\201\364b4\236t93\316PD\351\244\341r\272"
 1051      F462349E 
 1051      743933CE 
 1051      5044E9A4 
 1051      E172BA
 1052 0132 F5A4A1C7 		.ascii	"\365\244\241\307\346\022\272\221\212\250;l\244\035\021"
 1052      E612BA91 
 1052      8AA83B6C 
 1052      A41D11
 1053 0141 F2FE6B64 		.ascii	"\362\376kd!\231J\033z \350w\273t\237\317\243\007g\375"
 1053      21994A1B 
 1053      7A20E877 
 1053      BB749FCF 
 1053      A30767FD 
 1054 0155 99893E24 		.ascii	"\231\211>$\234HD\0351\372\003\371\002\211\332"
 1054      9C48441D 
 1054      31FA03F9 
 1054      0289DA
 1055              		.text
 1056              		.section	.gnu.lto_stIsAlarmActive.372.3c2cb8cc,"e",%progbits
 1057 0000 789C8D8F 		.ascii	"x\234\215\217;K\003A\024\205\357\331Y_\277\302JA\220"
 1057      3B4B0341 
 1057      1485EFD9 
 1057      595FBFC2 
 1057      4A4190
 1058 0013 ECBAE96C 		.ascii	"\354\272\351l\024L\241\240 $e@4\026\011\004V\262\321"
 1058      144CA1A0 
 1058      20246540 
 1058      34160904 
 1058      56B2D1
 1059 0026 4E1C1554 		.ascii	"N\034\025Tl|A\020\214\202\313\"\010\202E\022\237)\026"
 1059      6C7C4110 
 1059      8C82CB22 
 1059      08824512 
 1059      9F2916
 1060 0039 B1B31002 		.ascii	"\261\263\020\002\326BP\004A\021mR\010zg\342\017p`\036"
 1060      D6425004 
 1060      41116D52 
 1060      087A67E2 
 1060      0F70601E 
 1061 004d DF99B9E7 		.ascii	"\337\231\271\347\236\031\000\321<\021u\363\204 lo\255"
 1061      9E1900D1 
 1061      3C1175F3 
 1061      84206C6F 
 1061      AD
 1062 005e 1B24A51C 		.ascii	"\033$\245\034l3\260\270\265\376xR6Q\201\026@\013\006"
ARM GAS  C:\Users\Vania\AppData\Local\Temp\ccsJdcwj.s 			page 32


 1062      6C33B0B8 
 1062      B5FE7852 
 1062      36518116 
 1062      400B06
 1063 0071 16B0237A 		.ascii	"\026\260#zB)\033\267O\365\362x\210@\020\035p]\0246\351"
 1063      42291BB7 
 1063      4FF5F278 
 1063      8840101D 
 1063      705D1436 
 1064 0086 D1AA99CD 		.ascii	"\321\252\231\315\212\002\372\014\234\201\024\260I\343"
 1064      8A02FA0C 
 1064      9C8114B0 
 1064      49E3
 1065 0094 D9E7B715 		.ascii	"\331\347\267\025\260\252\036\342\\_r\004:\255\265\204"
 1065      B0AA1EE2 
 1065      5C5F7204 
 1065      3AADB584 
 1066 00a4 F2FB6743 		.ascii	"\362\373gC\312\373\336j\261\324\321bP 8\020/&\251&\264"
 1066      CAFBDE6A 
 1066      B1D4D162 
 1066      50203810 
 1066      2F26A926 
 1067 00b9 21542E69 		.ascii	"!T.iB\206D\233\302h\3022\303+\244\337\246\326\257J\351"
 1067      4286449B 
 1067      C268C232 
 1067      C32BA4DF 
 1067      A6D6AF4A 
 1068 00ce 72A500B6 		.ascii	"r\245\000\266UT\337{\331\005.@\357\270\251\036w\372"
 1068      5554DF7B 
 1068      D9052E40 
 1068      EFB8A91E 
 1068      77FA
 1069 00e0 C2E014DB 		.ascii	"\302\340\024\333\"\020\206\316\323<i\027\246#p\027\201"
 1069      221086CE 
 1069      D33C6917 
 1069      A6237017 
 1069      81
 1070 00f1 2BE01264 		.ascii	"+\340\022d\037J\331\036\010\023\327\330\027:&{,\027"
 1070      1F4AD91E 
 1070      0813D7D8 
 1070      173A267B 
 1070      2C17
 1071 0103 56DF4C5F 		.ascii	"V\337L_\010\366Q\245\200\241\304\332\352\003|\241\364"
 1071      08F651A5 
 1071      80A1C4DA 
 1071      EA037CA1 
 1071      F4
 1072 0114 A648F489 		.ascii	"\246H\364\211\245\217\265\273.\376%\353\244\2037\273"
 1072      A58FB5BB 
 1072      2EFE25EB 
 1072      A48337BB 
 1073 0124 602954E8 		.ascii	"`)T\350\304\372\223C\351\314T&\236\237\235\316\270\216"
 1073      C4FA9343 
 1073      E9CC5426 
 1073      9E9F9DCE 
 1073      B88E
 1074 0136 3D672753 		.ascii	"=g'S\212]\317\261\243\226\353Y\351\311\254\345\345R"
ARM GAS  C:\Users\Vania\AppData\Local\Temp\ccsJdcwj.s 			page 33


 1074      8A5DCFB1 
 1074      A396EB59 
 1074      E9C9ACE5 
 1074      E552
 1075 0148 6A9FF0F2 		.ascii	"j\237\360\362\221\024\015\377\253d\306\315\345=+\236"
 1075      91140DFF 
 1075      AB64C6CD 
 1075      E53D2B9E 
 1076 0158 188B3AD6 		.ascii	"\030\213:\326\350h\314J\214\214\315\365\375\231Ld\263"
 1076      E868CC4A 
 1076      8C8CCDF5 
 1076      FD994C64 
 1076      B3
 1077 0169 D39134FD 		.ascii	"\323\2214\375\002\366\331\220\260"
 1077      02F6D990 
 1077      B0
 1078              		.text
 1079              		.section	.gnu.lto_.symbol_nodes.3c2cb8cc,"e",%progbits
 1080 0000 789C75CF 		.ascii	"x\234u\317\271\001\2000\014CQY\011d\014\226a/\205\015"
 1080      B9018030 
 1080      0C435159 
 1080      09640C96 
 1080      612F850D 
 1081 0014 98872118 		.ascii	"\230\207!\030\205+Ps\267\376\355\263\012\027\334q\242"
 1081      852B5073 
 1081      B7FEEDB3 
 1081      0A17DC71 
 1081      A2
 1082 0025 90EFA2F5 		.ascii	"\220\357\242\365# `\310\235\301\360\342L\231\213\013"
 1082      232060C8 
 1082      9DC1F0E2 
 1082      4C998B0B 
 1083 0035 4517572A 		.ascii	"E\027W*\270\270Q\321\305BU.\356T\355\241\035T:\377\232"
 1083      B8B851D1 
 1083      C542552E 
 1083      EE54EDA1 
 1083      1D543AFF 
 1084 004a F700CF6B 		.ascii	"\367\000\317k\217\006\244o\326\342\002n\014AV"
 1084      8F06A46F 
 1084      D6E2026E 
 1084      0C4156
 1085              		.text
 1086              		.section	.gnu.lto_.refs.3c2cb8cc,"e",%progbits
 1087 0000 789C6364 		.ascii	"x\234cd\000\002\000\000\012\000\002"
 1087      00020000 
 1087      0A0002
 1088              		.text
 1089              		.section	.gnu.lto_.decls.3c2cb8cc,"e",%progbits
 1090 0000 789CAD56 		.ascii	"x\234\255V}PT\327\025\277\347\336\267\037<6B\011&\235"
 1090      7D5054D7 
 1090      15BFE7DE 
 1090      B71F3C36 
 1090      4209269D 
 1091 0014 A6B51BDB 		.ascii	"\246\265\033\333\216\333N\343\3022\023\333\316d\006"
 1091      8EDB4EE3 
 1091      C23213DB 
 1091      CE6406
ARM GAS  C:\Users\Vania\AppData\Local\Temp\ccsJdcwj.s 			page 34


 1092 0023 B318E324 		.ascii	"\263\030\343$Xg\2613\235Nfv\010\313\224\235\001\227"
 1092      5867B133 
 1092      9D4E6676 
 1092      08CB949D 
 1092      0197
 1093 0035 B24FA79D 		.ascii	"\262O\247\235\376\363\012(\210\242\250\305\242\030\203"
 1093      FEF30A28 
 1093      88A2A8C5 
 1093      A21883
 1094 0044 C6585AAB 		.ascii	"\306XZ\253B0i+m\\\261\304Ub\212\206V\210&\001?\327@"
 1094      4230692B 
 1094      6D5CB1C4 
 1094      55628A86 
 1094      56882601 
 1095 005b 826DB041 		.ascii	"\202m\260A1\322s\337\307}\254K\333t\332\007\347\276"
 1095      31D273DF 
 1095      C77DAC4B 
 1095      DB74DA07 
 1095      E7BE
 1096 006d 7BCFFBFD 		.ascii	"{\317\373\375~\347\234{\357\273o\347\270\010\371)%\344"
 1096      7EE79C7B 
 1096      EFBB6FE7 
 1096      B808F929 
 1096      25E4
 1097 007f 9B68D378 		.ascii	"\233h\323x9\011!g\321\000\255\233\350\027\367\365\240"
 1097      39092167 
 1097      D100AD9B 
 1097      E817F7F5 
 1097      A0
 1098 0090 BD811647 		.ascii	"\275\201\026G;\215v\006\355\317h\177E\033$\251\327Z"
 1098      3B8D7606 
 1098      EDCF687F 
 1098      451B24A9 
 1098      D75A
 1099 00a2 1460782F 		.ascii	"\024`x/C\033B;n\370\251\2415\033\247\021\364X\234\223"
 1099      431B423B 
 1099      6EF8A9A1 
 1099      351BA711 
 1099      F4589C93 
 1100 00b6 85966DE4 		.ascii	"\205\226m\344\360%\364\177\021m\034\373\303D\327\225"
 1100      F025F47F 
 1100      116D1CFB 
 1100      C344D795 
 1101 00c6 3916ED21 		.ascii	"9\026\355!\3205yn_\206T\315-\350\223\014MSg\330\250"
 1101      D035796E 
 1101      5F8654CD 
 1101      2DE8930C 
 1101      4D5367D8 
 1102 00db CFE4F29A 		.ascii	"\317\344\362\232\036\235\205\333\374\031\363\001#\037"
 1102      1E9D85DB 
 1102      FC19F301 
 1102      231F
 1103 00e9 6ACCCD57 		.ascii	"j\314\315Wf\321j5\264f\352,\370\017Z|\216\2776\213\326"
 1103      66D16A35 
 1103      B466EA2C 
 1103      F80F5A7C 
 1103      8EBF368B 
ARM GAS  C:\Users\Vania\AppData\Local\Temp\ccsJdcwj.s 			page 35


 1104 00fe 8BE873FC 		.ascii	"\213\350s\374\033-S\347\013\206\016_\247\005\263\350"
 1104      1B2D53E7 
 1104      0B860E5F 
 1104      A705B3E8 
 1105 010e 1C449F0D 		.ascii	"\034D\237\015\357\003\377\202o\316\017_\343\257\317"
 1105      EF03FF82 
 1105      6FCE0F5F 
 1105      E3AFCF
 1106 011d C2DFCA60 		.ascii	"\302\337\312`\001\360M\223\241\365\010\243\304\253j"
 1106      01F04D93 
 1106      A1F508A3 
 1106      C4AB6A
 1107 012c 57F52304 		.ascii	"W\365#\004^\323\031O\244\263\025\034\231\005\022\266"
 1107      5ED3194F 
 1107      A4B3151C 
 1107      990512B6 
 1108 013c D9E06E65 		.ascii	"\331\340ne\264\253f\3676\227\034S\325\233j\2546\215"
 1108      B4AB66F7 
 1108      36971C53 
 1108      D59B6AAC 
 1108      368D
 1109 014e C05180DF 		.ascii	"\300Q\200\337\003\201\337\001\252\374\026\340U\200#"
 1109      0381DF01 
 1109      AAFC16E0 
 1109      558023
 1110 015d 80B00397 		.ascii	"\200\260\003\227\273\337u]\005-\007)\004\000\203\217"
 1110      BBDF755D 
 1110      052D0729 
 1110      0400838F 
 1111 016d 6323931F 		.ascii	"c#\223\0370\222\255R\225\332C\214\312Lf!9\016\363<\023"
 1111      3092AD52 
 1111      95DA438C 
 1111      CA4C6621 
 1111      390EF33C 
 1112 0182 2CDF493D 		.ascii	",\337I=\031\262\263\375\004d\3126'\245\011GH\366\334"
 1112      19B2B3FD 
 1112      0464CA36 
 1112      27A50947 
 1112      48F6DC
 1113 0195 81DFD036 		.ascii	"\201\337\3206\273;_\225B\033\347&\034*mZ\236\235\227"
 1113      BB3B5F95 
 1113      421BE726 
 1113      1C2A6D5A 
 1113      9E9D97
 1114 01a8 8F6DC211 		.ascii	"\217m\302\021\207\020\262VH\316L\354%\034\362\004kk"
 1114      8710B256 
 1114      48CE4CEC 
 1114      251CF204 
 1114      6B6B
 1115 01ba B487CED0 		.ascii	"\264\207\316\320\372\005\020\0079\344\313\306J\362\235"
 1115      FA051007 
 1115      39E4CBC6 
 1115      4AF29D
 1116 01c9 CE79193D 		.ascii	"\316y\031=\254\207=\205\353\347\35484WN82P\302\023r"
 1116      AC873D85 
 1116      EBE7EC38 
 1116      34574E38 
ARM GAS  C:\Users\Vania\AppData\Local\Temp\ccsJdcwj.s 			page 36


 1116      3250C213 
 1117 01de 6786DC19 		.ascii	"g\206\334\031q\260\205Br\266\207`\022!\237/\237\312"
 1117      71B08542 
 1117      72B68760 
 1117      12219F2F 
 1117      9FCA
 1118 01f0 A82C39E3 		.ascii	"\250,9\343\340c\340\362\251#\243\017\31369m\236\333"
 1118      E063E0F2 
 1118      A923A30F 
 1118      CB36396D 
 1118      9EDB
 1119 0202 4348883C 		.ascii	"CH\210<EQ\227M\233\02780f\310\032\002xd\352\243\354"
 1119      4551974D 
 1119      9B173830 
 1119      66C81A02 
 1119      7864EAA3 
 1120 0217 99042E2E 		.ascii	"\231\004..\245nBT\311\351r\201\212\267\264\3403\241"
 1120      A56E4254 
 1120      C9E97281 
 1120      8AB7B4E0 
 1120      33A1
 1121 0229 153E9924 		.ascii	"\025>\231$\034\024\037eK\240R\260\230\262\235\000\034"
 1121      1C141F65 
 1121      4BA052B0 
 1121      98B29D00 
 1121      1C
 1122 023a 653885DA 		.ascii	"e8\205\332\037o\300h\200\017A\177\267\3150\232\237\257"
 1122      1F6FC068 
 1122      800F417F 
 1122      B7CD309A 
 1122      9FAF
 1123 024c 3135D01C 		.ascii	"15\320\034\242{\305\315\350s\0005t\250\261\354\240s"
 1123      A27BC5CD 
 1123      E8730035 
 1123      74A8B1EC 
 1123      A073
 1124 025e 8C20BC9D 		.ascii	"\214 \274\235!. `@L\035\235c\000\004\327\350\362\030"
 1124      212E2060 
 1124      404C1D9D 
 1124      630004D7 
 1124      E8F218
 1125 0271 1A98CEE4 		.ascii	"\032\230\316\344h\274\244\304-I\"d\315\224\210>\300"
 1125      68BCA4C4 
 1125      2D492264 
 1125      CD94883E 
 1125      C0
 1126 0282 7DD37FE0 		.ascii	"}\323\177\340\302d\3725\2347u\262q\220\301\334\246|"
 1126      C264FA35 
 1126      9C3775B2 
 1126      7190C1DC 
 1126      A67C
 1127 0294 022CAA6F 		.ascii	"\002,\252oB\252m\302LD\325uo\352\223\037F\320\230\252"
 1127      42AA6DC2 
 1127      4C44D575 
 1127      6FEA931F 
 1127      46D098AA 
 1128 02a8 664319C4 		.ascii	"fC\031\304\000\216\361\000\307Q;\242\351\234\036\351"
ARM GAS  C:\Users\Vania\AppData\Local\Temp\ccsJdcwj.s 			page 37


 1128      008EF100 
 1128      C7513BA2 
 1128      E99C1EE9 
 1129 02b8 DA9536BF 		.ascii	"\332\2256\277\245E\235\234\250\253?\001\273\324X5\302"
 1129      A5459D9C 
 1129      A8AB3F01 
 1129      BBD45835 
 1129      C2
 1130 02c9 2544C0EB 		.ascii	"%D\300\353\200\033U\213\374:\302\377\010\360\007xb\277"
 1130      801B558B 
 1130      FC3AC2FF 
 1130      08F00778 
 1130      62BF
 1131 02db 8DE11B85 		.ascii	"\215\341\033\205\274\217\233?\371\220\361C\007\272\001"
 1131      BC8F9B3F 
 1131      F990F143 
 1131      07BA01
 1132 02ea 22E8D85E 		.ascii	"\"\350\330^}\352V\372,\241z\221\373'\320b\251\267^9"
 1132      7DEA56FA 
 1132      2CA17A91 
 1132      FB27D062 
 1132      A9B75E39 
 1133 02fe F2008FD5 		.ascii	"\362\000\217\325q\270\246N\315\324\003\365\002\234\020"
 1133      71B8A64E 
 1133      CDD403F5 
 1133      029C10
 1134 030d 814E8840 		.ascii	"\201N\210@\343\022;\252\005:x\351\322I\247F:c\2210\273"
 1134      E3123BAA 
 1134      053A78E9 
 1134      D249A746 
 1134      3A639130 
 1135 0322 93827452 		.ascii	"\223\202tR\220\256K\354\015\215\324{n\317^\233F\032"
 1135      90AE4BEC 
 1135      0D8DD47B 
 1135      6ECF5E9B 
 1135      461A
 1136 0334 4D8A744A 		.ascii	"M\212tJ\220N\011R\257\304\316j\244;C\265S\016Q\001\226"
 1136      904E0952 
 1136      AFC4CE6A 
 1136      A43B43B5 
 1136      530E5101 
 1137 0349 6596F0A6 		.ascii	"e\226\360\246\230\255\221\376\275\373\346p\335\233\033"
 1137      98AD91FE 
 1137      BDFBE670 
 1137      DD9B1B
 1138 0358 AEAE9BD3 		.ascii	"\256\256\233\323\317\217\001\300\307\320't\373\204\356"
 1138      CF8F01C0 
 1138      C7D02774 
 1138      FB84EE
 1139 0367 76895DD4 		.ascii	"v\211]\324t\207\317\015\036\323\2239\260V$\203\244\267"
 1139      7487CF0D 
 1139      1ED39339 
 1139      B0562483 
 1139      A4B7
 1140 0379 04E92D41 		.ascii	"\004\351-Aj\220\330\015<dns\242\375h\303\221\227\244"
 1140      6A90D80D 
 1140      3C646E73 
ARM GAS  C:\Users\Vania\AppData\Local\Temp\ccsJdcwj.s 			page 38


 1140      A2FD68C3 
 1140      9197A4
 1141 038c 4700F03F 		.ascii	"G\000\360?\215\302\000Ts\342\000\340\231\222Pk]\004"
 1141      8DC20054 
 1141      73E200E0 
 1141      9992506B 
 1141      5D04
 1142 039e F22087C0 		.ascii	"\362 \207\300Y@\027\201s\000o\363\363d\177\254u\030"
 1142      59401781 
 1142      73006FF3 
 1142      F3647FAC 
 1142      7518
 1143 03b0 44110356 		.ascii	"D\021\003V\021\177\021El\334rlW\206V\304\251\336\037"
 1143      117F1145 
 1143      6CDC726C 
 1143      578656C4 
 1143      A9DE1F
 1144 03c3 B5F3F71F 		.ascii	"\265\363\367\037\037B\277\310\246_ds\217\261i\255\204"
 1144      1F42BFC8 
 1144      A65F6473 
 1144      8FB169AD 
 1144      84
 1145 03d4 4D63CDC7 		.ascii	"Mc\315\307\\\363[p\263\275\266us\247\373xM\233\207\257"
 1145      5CF35B70 
 1145      B3BDB675 
 1145      73A7FB78 
 1145      4D9B87AF 
 1146 03e8 C179C139 		.ascii	"\301y\3019\017\306\276<}\261c\312\351\322\216\275\266"
 1146      0FC6BE3C 
 1146      7DB163CA 
 1146      E9D28EBD 
 1146      B6
 1147 03f9 1E6DA1F4 		.ascii	"\036m\241\364\203\217\300\020\020}{\016\3527\247\266"
 1147      838FC010 
 1147      107D7B0E 
 1147      EA37A7B6 
 1148 0409 4B63FAA0 		.ascii	"Kc\372\240\237\260\001J\330;\224k\254\213]\357w\312"
 1148      9FB0014A 
 1148      D83B946B 
 1148      AC8B5DEF 
 1148      77CA
 1149 041b C3F71F9D 		.ascii	"\303\367\037\235\357\317<:\331e\2523\343\204]C\346\250"
 1149      EFCF3C3A 
 1149      D965AA33 
 1149      E3845D43 
 1149      E6A8
 1150 042d 318C1136 		.ascii	"1\214\0216nts\2646S\013\243\002\2330\334\014#l\373`"
 1150      6E7473B4 
 1150      36530BA3 
 1150      029B30DC 
 1150      0C236CFB 
 1151 0442 EAB04B56 		.ascii	"\352\260KV\215\010\3504\223\034\3038^\030\34539\326"
 1151      8D08E834 
 1151      931CC338 
 1151      5E18E533 
 1151      39D6
 1152 0454 7BE3CD07 		.ascii	"{\343\315\007R\017\360\367\357;\300\017\355\274\260"
ARM GAS  C:\Users\Vania\AppData\Local\Temp\ccsJdcwj.s 			page 39


 1152      520FF0F7 
 1152      EF3BC00F 
 1152      EDBCB0
 1153 0463 1EB250AA 		.ascii	"\036\262P\252VU\333(|\010p\003 \301\265>\002M\217W\324"
 1153      5655DB28 
 1153      7C087003 
 1153      20C1B53E 
 1153      024D8F57 
 1154 0478 3650DF9D 		.ascii	"6P\337\235n\201\206SAl\322H\317\303\356b9*\323GnV\313"
 1154      6E818653 
 1154      416CD248 
 1154      CFC3EE62 
 1154      392AD347 
 1155 048f 08AB3746 		.ascii	"\010\2537F\237g\2158\332\206\266\003\355\005\2646\264"
 1155      9F678D38 
 1155      DA86B603 
 1155      ED05B436 
 1155      B4
 1156 04a0 97D17E8D 		.ascii	"\227\321~\215v\310@\015\023\275d;{\205\361\340\257~"
 1156      76C8400D 
 1156      13BD643B 
 1156      7B85F1E0 
 1156      AF7E
 1157 04b2 74B7C336 		.ascii	"t\267\3036[\2615\224\027\233\203\220#\335}\3554\251"
 1157      5BB13594 
 1157      179B8390 
 1157      23DD7DED 
 1157      34A9
 1158 04c4 888B0017 		.ascii	"\210\213\000\0278\246\226j8\256\323\276o\264$\251\206"
 1158      38A6966A 
 1158      38AED3BE 
 1158      6FB424A9 
 1158      86
 1159 04d5 54CC37C6 		.ascii	"T\3147\306\006\232\256\244\177\365\376\353A\264\021"
 1159      069AAEA4 
 1159      7FF5FEEB 
 1159      41B411
 1160 04e4 DC3CEFB5 		.ascii	"\334<\357\265N\037\236\203GL\255\213\323\377\001\360"
 1160      4E1F9E83 
 1160      474CAD8B 
 1160      D3FF01F0 
 1161 04f4 0B2A9299 		.ascii	"\013*\222\231\340M.AX\307\346\316\3128n[\204\\N\202"
 1161      E04D2E41 
 1161      58C7E6CE 
 1161      CA386E5B 
 1161      845C4E82 
 1162 0508 5CE20D9E 		.ascii	"\\\342\015\236\012\0343\265\031_%]g*\011\224\260t\356"
 1162      0A1C33B5 
 1162      195F255D 
 1162      672A0994 
 1162      B074EE
 1163 051b 5A983BA9 		.ascii	"Z\230;\251\030\024\332\203\240\215\235\022\0176\016"
 1163      1814DA83 
 1163      A08D9D12 
 1163      0F360E
 1164 052a F0818631 		.ascii	"\360\201\2061\027\346\372\214`\267-\241O\223\204.X\301"
 1164      17E6FA8C 
ARM GAS  C:\Users\Vania\AppData\Local\Temp\ccsJdcwj.s 			page 40


 1164      60B72DA1 
 1164      4F93842E 
 1164      58C1
 1165 053c 5A44D223 		.ascii	"ZD\322#I\220w-H\243\200\\K\202\\\235\021\352\236\025"
 1165      4990772D 
 1165      48A3805C 
 1165      4B825C9D 
 1165      11EA9E15 
 1166 0550 6A3209F4 		.ascii	"j2\011\364\311\014\320z!\364q\022\346oV\254qKg:\011"
 1166      C90CD07A 
 1166      21F47112 
 1166      E66F56AC 
 1166      714B673A 
 1167 0565 E315904D 		.ascii	"\343\025\220MB\345J\3524\353\220IK\345^\212\2121\201"
 1167      42E54AEA 
 1167      34EB9049 
 1167      4BE55E8A 
 1167      8A3181
 1168 0578 3BF5095C 		.ascii	";\365\011\\K\241\232r\210\271+\336\261d>\265dn\247\026"
 1168      4BA19A72 
 1168      88B92BDE 
 1168      B1643EB5 
 1168      646EA716 
 1169 058c A5633688 		.ascii	"\245c6\210ln&A\256[\220;\226\314\335\324e\300t\364\315"
 1169      6C6E2641 
 1169      AE5B903B 
 1169      96CCDDD4 
 1169      65C074F4 
 1170 05a1 199308FC 		.ascii	"\031\223\010\374\214\342\257\007t\"\010\337\325&\012"
 1170      8CE2AF07 
 1170      742208DF 
 1170      D5260A
 1171 05b0 5B296CA0 		.ascii	"[)l\240\260\235B=\205\365\024~Na\023\205u\024vR\330"
 1171      B09D423D 
 1171      85F5147E 
 1171      4E611385 
 1171      75147652 
 1172 05c5 4CA18542 		.ascii	"L\241\205B3\205\006\012\215\024\266P\250\243\260\221"
 1172      3385060A 
 1172      8D14B650 
 1172      A8A3B091 
 1173 05d5 C20E0ADB 		.ascii	"\302\016\012\333\370\357\001\036\272Ad\367\367\324\031"
 1173      F8EF011E 
 1173      BA4164F7 
 1173      F7D419
 1174 05e4 37566587 		.ascii	"7Ve\207\300\274\227\272\003\014L\275\300\334J\335\375"
 1174      C0BC97BA 
 1174      030C4CBD 
 1174      C0DC4ADD 
 1174      FD
 1175 05f5 8861D3DA 		.ascii	"\210a\323\332+\033\037\212O\331\037\274\277\034h\245"
 1175      2B1B1F8A 
 1175      4FD91FBC 
 1175      BF1C68A5 
 1176 0605 FF9782F8 		.ascii	"\377\227\202\370\207\354\374\333\3156\353\230\336ee"
 1176      87ECFCDB 
 1176      CD36EB98 
ARM GAS  C:\Users\Vania\AppData\Local\Temp\ccsJdcwj.s 			page 41


 1176      DE6565
 1177 0614 F20222D8 		.ascii	"\362\002\"\330\006\211\314oj\341\247\375PgNO\215\212"
 1177      0689CC6F 
 1177      6AE1A7FD 
 1177      50674E4F 
 1177      8D8A
 1178 0626 5F89A6A7 		.ascii	"_\211\246\247\371\007t7\325O|x\221b\337\374N\214\331"
 1178      F9077437 
 1178      D54F7C78 
 1178      9162DFFC 
 1178      4E8CD9
 1179 0639 D86E9DD1 		.ascii	"\330n\235\321q\273\263R\007\343\311\337f\202\367P\354"
 1179      71BBB352 
 1179      07E3C9DF 
 1179      6682F750 
 1179      EC
 1180 064a 9BE0CB36 		.ascii	"\233\340\3136\326a\200wtU\012\345\275&\370%\212}\023"
 1180      D6618077 
 1180      74550AE5 
 1180      BD26F825 
 1180      8A7D13
 1181 065d 1CB7B1E3 		.ascii	"\034\267\261\343:\370\346\301\256+#\2406\340\234d\361"
 1181      3AF8E6C1 
 1181      AE2B23A0 
 1181      36E09C64 
 1181      F1
 1182 066e AFE73E13 		.ascii	"\257\347>\023\3772\305\276\211\357\266\261s\206x\267"
 1182      FF32C5BE 
 1182      89EFB6B1 
 1182      738678B7 
 1183 067e 990982F7 		.ascii	"\231\011\202\367\233\340_R\354\233\340:;\273j\210\367"
 1183      9BE05F52 
 1183      EC9BE03A 
 1183      3BBB6A88 
 1183      F7
 1184 068f 75750871 		.ascii	"uu\010q\374\030\266\233\370_Q\354\233\370C6\222[\360"
 1184      FC18B69B 
 1184      F85F51EC 
 1184      9BF84336 
 1184      925BF0
 1185 06a2 9DE7FC65 		.ascii	"\235\347\374e\341\347\303E\312\352P8\342\313Y\223\363"
 1185      E1E7C345 
 1185      CAEA5038 
 1185      E2CB5993 
 1185      F3
 1186 06b3 5C091F47 		.ascii	"\\\011\037G\242\276\234<o$\352-+.\367F\253J\370=\030"
 1186      A2BE9C3C 
 1186      6F24EA2D 
 1186      2B2EF746 
 1186      AB4AF83D 
 1187 06c8 55169638 		.ascii	"U\026\2268\227.\377\236\333\237\273\210d\231\236\205"
 1187      972EFF9E 
 1187      DB9FBB88 
 1187      64999E85 
 1188 06d8 CFE77D3B 		.ascii	"\317\347};\367[\276E\217\223\264\350O\242J\270\2424"
 1188      F75BBE45 
 1188      8F93B4E8 
ARM GAS  C:\Users\Vania\AppData\Local\Temp\ccsJdcwj.s 			page 42


 1188      4FA24AB8 
 1188      A234
 1189 06ea A8B05C1C 		.ascii	"\250\260\\\034\025WU\254YT\372X\005\221K\"UJ\351\217"
 1189      155755AC 
 1189      5954FA58 
 1189      05914B22 
 1189      554AE98F 
 1190 06fe 1FAB5844 		.ascii	"\037\253XD\354Qe\331\252\260\342\373\257\343\022WT)"
 1190      EC5165D9 
 1190      AAB0E2FB 
 1190      AFE31257 
 1190      5429
 1191 0710 528AAB94 		.ascii	"R\212\253\224\305\345\250\233\316\007\221J\255/c\277"
 1191      C5E5A89B 
 1191      CE07914A 
 1191      AD2F63BF 
 1192 0720 5431BB4B 		.ascii	"T1\273K\215\256K\353\372#\253W)\245U\031\0305\252\271"
 1192      8DAE4BEB 
 1192      FA23AB57 
 1192      29A55519 
 1192      1835AAB9 
 1193 0734 179728E1 		.ascii	"\027\227(\3415\245\266\340\223\221H9\212\004\313\313"
 1193      35A5B6E0 
 1193      93914839 
 1193      8A04CBCB 
 1194 0744 43C13026 		.ascii	"C\3010&\364\364gJ\250\022\353\210z\213V\026\346\371"
 1194      F4F4674A 
 1194      A812EB88 
 1194      7A8B5616 
 1194      E6F9
 1195 0756 BCCF3E5B 		.ascii	"\274\317>[\340]\271\254pM\256\221\"\227ZXFl~\177a \317"
 1195      E05DB9AC 
 1195      704DAE91 
 1195      22975A58 
 1195      466C7E7F 
 1196 076d B93ABC4A 		.ascii	"\271:\274J\311\363\005\025\372\335\200TP\2708\300\012"
 1196      C9F30515 
 1196      FADD8054 
 1196      50B838C0 
 1196      0A
 1197 077e FC01E9C9 		.ascii	"\374\001\351\311\202\225\001\346\367\007X\000mq \300"
 1197      829501E6 
 1197      F7075800 
 1197      6D7120C0 
 1198 078e 5614F999 		.ascii	"V\024\371\231\177\371J\311\357_\022\320\210>\255\315"
 1198      7FF94AC9 
 1198      EF5F12D0 
 1198      883EADCD 
 1199 079e 654B9606 		.ascii	"eK\226\006h\0212\227-\011HE\205\210\366\007|h\271\210"
 1199      68113297 
 1199      2D094845 
 1199      8588F607 
 1199      7C68B988 
 1200 07b2 FC7E60E9 		.ascii	"\374~`\351\377\220kT\251\340i\205+0\325t1\010*Y\306"
 1200      FF906B54 
 1200      A9E06985 
 1200      2B30D574 
ARM GAS  C:\Users\Vania\AppData\Local\Temp\ccsJdcwj.s 			page 43


 1200      31082A59 
 1201 07c7 5C44F914 		.ascii	"\\D\371\024\007\213\371T}"
 1201      078BF954 
 1201      7D
 1202 07d0 4EB82295 		.ascii	"N\270\"\225\272'\323\364\224*\311\216\037\232\216\254"
 1202      BA27D3F4 
 1202      942AC98E 
 1202      1F9A8EAC 
 1203 07e0 198E127D 		.ascii	"\031\216\022}\356\0372g9\252C\202\305\332\022\374\023"
 1203      EE1F3267 
 1203      39AA4382 
 1203      C5DA12FC 
 1203      13
 1204 07f1 9DED53DB 		.ascii	"\235\355S\333"
 1205              		.text
 1206              		.section	.gnu.lto_.symtab.3c2cb8cc,"e",%progbits
 1207 0000 7374496E 		.ascii	"stInit\000"
 1207      697400
 1208 0007 00       		.ascii	"\000"
 1209 0008 00       		.ascii	"\000"
 1210 0009 00       		.ascii	"\000"
 1211 000a 00000000 		.ascii	"\000\000\000\000\000\000\000\000"
 1211      00000000 
 1212 0012 C2000000 		.ascii	"\302\000\000\000"
 1213 0016 73745374 		.ascii	"stStartAlarm\000"
 1213      61727441 
 1213      6C61726D 
 1213      00
 1214 0023 00       		.ascii	"\000"
 1215 0024 00       		.ascii	"\000"
 1216 0025 00       		.ascii	"\000"
 1217 0026 00000000 		.ascii	"\000\000\000\000\000\000\000\000"
 1217      00000000 
 1218 002e C6000000 		.ascii	"\306\000\000\000"
 1219 0032 73745374 		.ascii	"stStopAlarm\000"
 1219      6F70416C 
 1219      61726D00 
 1220 003e 00       		.ascii	"\000"
 1221 003f 00       		.ascii	"\000"
 1222 0040 00       		.ascii	"\000"
 1223 0041 00000000 		.ascii	"\000\000\000\000\000\000\000\000"
 1223      00000000 
 1224 0049 C8000000 		.ascii	"\310\000\000\000"
 1225 004d 73745365 		.ascii	"stSetAlarm\000"
 1225      74416C61 
 1225      726D00
 1226 0058 00       		.ascii	"\000"
 1227 0059 00       		.ascii	"\000"
 1228 005a 00       		.ascii	"\000"
 1229 005b 00000000 		.ascii	"\000\000\000\000\000\000\000\000"
 1229      00000000 
 1230 0063 CA000000 		.ascii	"\312\000\000\000"
 1231 0067 73744765 		.ascii	"stGetAlarm\000"
 1231      74416C61 
 1231      726D00
 1232 0072 00       		.ascii	"\000"
 1233 0073 00       		.ascii	"\000"
ARM GAS  C:\Users\Vania\AppData\Local\Temp\ccsJdcwj.s 			page 44


 1234 0074 00       		.ascii	"\000"
 1235 0075 00000000 		.ascii	"\000\000\000\000\000\000\000\000"
 1235      00000000 
 1236 007d CD000000 		.ascii	"\315\000\000\000"
 1237 0081 73744765 		.ascii	"stGetCounter\000"
 1237      74436F75 
 1237      6E746572 
 1237      00
 1238 008e 00       		.ascii	"\000"
 1239 008f 00       		.ascii	"\000"
 1240 0090 00       		.ascii	"\000"
 1241 0091 00000000 		.ascii	"\000\000\000\000\000\000\000\000"
 1241      00000000 
 1242 0099 CF000000 		.ascii	"\317\000\000\000"
 1243 009d 73744973 		.ascii	"stIsAlarmActive\000"
 1243      416C6172 
 1243      6D416374 
 1243      69766500 
 1244 00ad 00       		.ascii	"\000"
 1245 00ae 00       		.ascii	"\000"
 1246 00af 00       		.ascii	"\000"
 1247 00b0 00000000 		.ascii	"\000\000\000\000\000\000\000\000"
 1247      00000000 
 1248 00b8 D6000000 		.ascii	"\326\000\000\000"
 1249 00bc 73745F6C 		.ascii	"st_lld_init\000"
 1249      6C645F69 
 1249      6E697400 
 1250 00c8 00       		.ascii	"\000"
 1251 00c9 02       		.ascii	"\002"
 1252 00ca 00       		.ascii	"\000"
 1253 00cb 00000000 		.ascii	"\000\000\000\000\000\000\000\000"
 1253      00000000 
 1254 00d3 D8000000 		.ascii	"\330\000\000\000"
 1255              		.text
 1256              		.section	.gnu.lto_.ext_symtab.3c2cb8cc,"e",%progbits
 1257 0000 01       		.ascii	"\001"
 1258 0001 01       		.ascii	"\001"
 1259 0002 00       		.ascii	"\000"
 1260 0003 01       		.ascii	"\001"
 1261 0004 00       		.ascii	"\000"
 1262 0005 01       		.ascii	"\001"
 1263 0006 00       		.ascii	"\000"
 1264 0007 01       		.ascii	"\001"
 1265 0008 00       		.ascii	"\000"
 1266 0009 01       		.ascii	"\001"
 1267 000a 00       		.ascii	"\000"
 1268 000b 01       		.ascii	"\001"
 1269 000c 00       		.ascii	"\000"
 1270 000d 01       		.ascii	"\001"
 1271 000e 00       		.ascii	"\000"
 1272 000f 01       		.ascii	"\001"
 1273 0010 00       		.ascii	"\000"
 1274              		.text
 1275              		.section	.gnu.lto_.opts,"e",%progbits
 1276 0000 272D666E 		.ascii	"'-fno-openmp' '-fno-openacc' '-fno-pie' '-fcf-prote"
 1276      6F2D6F70 
 1276      656E6D70 
ARM GAS  C:\Users\Vania\AppData\Local\Temp\ccsJdcwj.s 			page 45


 1276      2720272D 
 1276      666E6F2D 
 1277 0033 6374696F 		.ascii	"ction=none' '-g' '-mcpu=cortex-m7' '-mthumb' '-mflo"
 1277      6E3D6E6F 
 1277      6E652720 
 1277      272D6727 
 1277      20272D6D 
 1278 0066 61742D61 		.ascii	"at-abi=soft' '-march=armv7e-m' '-O2' '-fomit-frame-"
 1278      62693D73 
 1278      6F667427 
 1278      20272D6D 
 1278      61726368 
 1279 0099 706F696E 		.ascii	"pointer' '-falign-functions=16' '-ffunction-section"
 1279      74657227 
 1279      20272D66 
 1279      616C6967 
 1279      6E2D6675 
 1280 00cc 73272027 		.ascii	"s' '-fdata-sections' '-fno-common' '-flto' '-Xassem"
 1280      2D666461 
 1280      74612D73 
 1280      65637469 
 1280      6F6E7327 
 1281 00ff 626C6572 		.ascii	"bler' '-alms=./build/lst/hal_st.lst'\000"
 1281      2720272D 
 1281      616C6D73 
 1281      3D2E2F62 
 1281      75696C64 
 1282              		.text
 1283              		.comm	__gnu_lto_slim,1,1
 1284              		.ident	"GCC: (GNU Arm Embedded Toolchain 10-2020-q4-major) 10.2.1 20201103 (release)"
ARM GAS  C:\Users\Vania\AppData\Local\Temp\ccsJdcwj.s 			page 46


DEFINED SYMBOLS
                            *ABS*:00000000 hal_st.c
C:\Users\Vania\AppData\Local\Temp\ccsJdcwj.s:22     .gnu.debuglto_.debug_info:00000000 hal_st.c.b3918276
                            *COM*:00000001 __gnu_lto_slim

NO UNDEFINED SYMBOLS
